D 1eggo.com
D 1qefy8.2dv7nvoi.com
D 96low.com
D 987edkoilo.baiduybpay.com
D 98rev.com
D 99gn5f-8jy5qn-inf.imapi.net
D 99gn5f-sfsbws-inf.imapi.net
D agadmin.19cpiao.com
D agentadmin.guancaidan.com
D aliyun-hk-pe-prod-appdown.oss-cn-hongkong.aliyuncs.com
D api.0351sjj.com
D api.672787.com
D api.ant-668.com
D api.avia-gaming.com
D api.avia.ph
D api.bitpay168.com
D api.cart22.com
D api.cart668.com
D api.dajili668.com
D api.duanxinke.com
D api.e2sdn.com
D api.gogo9845.com
D api.gpayment.cc
D api.hbpqn.cn
D api.hcpay.shop
D api.hengchang88.com
D api.hnxmny.com
D api.iryudfui.xyz
D api.jiantianxiathirda.com
D api.jiantxapia.com
D api.jiantxapib.com
D api.jiantxapic.com
D api.jiasheng28.com
D api.jptxlan.com
D api.larmoqq.cn
D api.miyou1024.com
D api.p9yun.com
D api.quamminv2cashierapia.com
D api.quamminv2cashierapib.com
D api.quamminv2cashierapic.com
D api.rrich.site
D api.sg1188.org
D api.sg1288.org
D api.sg1388.org
D api.starpays.co
D api.t742644.com
D api.tongltd.com
D api.uiui8899.com
D api.uopay.info
D api.win2pay.com
D api.xgl0755.com
D api.xhr9vqqnp.com
D api.yap19.com
D api1.sg188.org
D api1.sg488.org
D api1.sg88.ws
D api1.sg888.org
D api1.sg988.org
D apigateway.twwallet-lan.com
D apkc.pg.qilinpro.com
D appdown.hnxmny.com
D apph5.z10m1z.com
D azpay3.075w63.com
D azpay4.24yr3x.com
D b.tjhdkj.com
D b2api.gzchengshu.com
D bg.iluckygift.com
D bigbig456.com
D boce.hnxmny.com
D callback.akmstatic.com
D ch0e.hzp531.com
D chat.au819i.com
D chats.zxprochat.com
D client.dogpay.vip
D comwsapi.chengxintech9.com
D crystalball.tysport888.com
D daifu.jwdown.com
D daifu42.financial-dfa.com
D daifu42.financial-dfb.com
D daifu42.financial-dfc.com
D deploy.bjshxg.com
D djmerchantpull.ybdjgame.com
D djpull.fogsdauen.com
D dyoh5s3.si6w8.com
D e62nmagl.com
D ebank.xifpay.com
D es-cn-v641ck0xr00154jge.public.elasticsearch.aliyuncs.com
D feedback.push.apple.com
D fengyun.dsdfpay.com
D file.quamminv2auto.com
D finance.pcpro4.com
D flygram.im
D ftp.sportxxx1ceo.com
D gameinfo2.v88kgg.com
D gate.666666pay.cn
D gate.aospay.cn
D gateway.baskos.com
D gateway.clpayment.com
D gateway.push.apple.com
D gateway.sportxxx74k.com
D gateway.sportxxxmu3g.com
D gd.yabotiyu.com
D gitlab.dubaiyb.com
D gitlab.mdhue.com
D h5.19cpiao.com
D h5.bhprs.com
D h5.hnxmny.com
D h5.ybcpcg666.com
D h5static.0am08m.com
D handlelog.dhsndhj.com
D haoying.ebet.im
D hjy7ge.com
D hlnychina.com
D ht-admin-fat.tmaplucky.com
D ht-api.n20f38.com
D hy.ser168pay.com
D hy.wugopay.com
D imapi.mg-hk02.com
D imapi.rezffb.com
D imapi3.rezffb.com
D imes-yabotiyu.tianjiugong.com
D integrate2.v88kgg.com
D intg.xj-intg888.co
D intg.xj-intg888.com
D ipis-huanqiu.imapi.net
D ipis-yabo.imapi.net
D ipis-ybbw031.imapi.net
D jijie9999fadacai9999.net
D keno.game88service.com
D lapivi4rtpx5b.xy2pay.cc
D laravels.akmstatic.com
D ltezp.xyz
D m.otsportsstream.com
D mapi.rezffb.com
D membermiddle.yhnxmny.com
D mobile.akmstatic.com
D mog117.haa477.com
D mrw.so
D newfile.ya802018.net
D o81fc.com
D oj5iy.com
D p.hboluo.com
D pay.1977.cm
D pay.jmtvip.cn
D pay.kirinpay.org
D pay.mgpay.cc
D pay.oujipay.com
D pay.serviceforpa.com
D pay.xingqiujiayuan.com
D pay.xypay66.com
D pay10a.70509m.com
D pay13a.i3u32g.com
D pay14b.50q256.com
D pay16c.q8x27.com
D pay17a.o6237x.com
D pay23c.nvvy4.com
D pay32c.30594h.com
D pay33a.btldr.com
D pay36.q6y76.com
D pay36a.q6y76.com
D pay38b.3t30bw.com
D pay39b.f883j1.com
D pay42.financial-zfa.com
D pay42.financial-zfb.com
D pay42.financial-zfc.com
D pay6.yabovip268.com
D payment.zsagepay.com
D payout1.das54fad1.com
D payout10.o0q299.com
D payout11.o0q299.com
D payout12.o0q299.com
D payout14.o0q299.com
D payout2.das54fad1.com
D payout21.66rosu.com
D payout22.66rosu.com
D payout22.8fds4fds2.com
D payout3.das54fad1.com
D payout4.das54fad1.com
D pfront.631079.com
D pi.quamminv2cashierapic.com
D pocair.com
D pro02.twairisk.com
D q3vcf.com
D q7g1l.com
D quan88888.com
D qxpay.xyz
D rcxyl.cn
D rcxyl.cnk
D report.c593xw.com
D report.ul68qh.com
D skt.hnxmny.com
D skt.yj33.xyz
D skt03cny.ebet.im
D skt043001-rpt-esapi.bangkag.si
D skt04cny.ebet.im
D sms.yabotiyu1888.net
D smtp.gmail.com
D smtp.tymail.com
D sports.test.yabogood.com
D sspt168.com
D static.0am08m.com
D static.0am08m.comm
D sudo.qilinpro.com
D sxyrr01.yingrunr.cn
D third-callback.jiantxcallbacka.com
D third-callback.jiantxcallbackb.com
D third-callback.jiantxcallbackc.com
D third-order.jiantxordera.com
D third-order.jiantxorderb.com
D third-order.jiantxorderc.com
D thirdpart-api.mktcenter.org
D thirdpart-api.mktvip.net
D tigerapi.all5555.com
D tigerapi.oriental-game.com
D tranfer.ya802018.net
D transfer-bg.iluckygift.com
D tttint.onlinegames22.com
D tx.4f4zs3.com
D tx.4lts60.com
D tx.6knd47.com
D tx.md53cx.com
D tx.x5q794.com
D undroid.market.alicloudapi.com
D upload.ebetapp.com
D video.c6mggg.com
D video.fe4no.com
D vr8c5.com
D web.hnxmny.com
D web.yabovip.com
D webcdn.akmstatic.com
D wechat.7tink.com
D wmpay.wshangfu.com
D wpi37.spscores.org
D wsgd.gdsecure88.com
D wsgdreport.gdsecure88.com
D www.2028lucky.com
D www.qunfaduanxin.vip
D www.shuangyapp11.com
D xj-sb-asia-yabo.prdasbbwla1.com
D y1uatchatsv.y6nd9.com
D ybpay01.y1upe.com
D ybpay02.okh90g.com
D ybqp-appdown.hnxmny.com
D yq.tjyy666.com
D yyfgooda.cn
D amcredentials.googleapis.com
D api-tw.pragmaticplay.net
D api-xconnect-test.lhapi1.com
D api.7d78bbrc.com
D api.e62nmagl.com
D api.ixitechcall.com
D api.sportxxxw1box.com
D api.wtapvvesds.com
D api.z9i3hg6f.com
D d1vkst6qven3bj.cloudfront.net
D devbwfrontoss.z3x9u9.com
D djmerchantapi.ybdjgame.com
D gitlab.fgry45iy.com
D handle.dhsndhj.com
D iapi.ccapxdsd.com
D j7.hnxmny.com
D merchant-api.sportxxx278gwf4.com
D oeiqon.cn
D pas3img.8l54aiv.com
D pastatic.3yr32880.com
D post-cn-09k1qhk4203.mqtt.aliyuncs.com
D pro01.twairisk.com
D resapi.xh0u7u.com
D site1050-admin.bw2fat.com
D site1050-agent.bw2fat.com
D site1050-agentdownload.bw2fat.com
D site1050-chess.bw2fat.com
D site1050-download.bw2fat.com
D site1050-h5.bw2fat.com
D site1050-qpdownload.bw2fat.com
D site1050-tydownload.bw2fat.com
D site1050-web.bw2fat.com
D skt02cny.ebet.im
D smtp.bestedm.org
D static.0io4z3.com
D static.672353.com
D txdev-riskstatistics.9uymfl.com
D txfat-api.ftgyhujiko5100.com
D uatbw2frontoss.z3x9u9.com
D uatbwfrontoss.z3x9u9.com
D www.new-doc.vip
D xingyun-portal-slb-2067423653.ap-northeast-1.elb.amazonaws.com
D xingyunguanjia-1606367418.ap-northeast-2.elb.amazonaws.com
D y1newkafka01.service.bw
D 2pc-pro-uploadsrv-slb-9e418651cbe3d3f3.elb.ap-east-1.amazonaws.com
D admin.pcpro4.com
D api.jptxapia.com
D api.jptxapib.com
D api.jptxapic.com
D api.jptxapid.com
D api.txgenera.com
D applog.youtomto.com
D bjshxg.com
D bobzabbix.incre1688.com
D cdn.funnullv8.com
D cdn.funnullv8.comm
D daifu02-log.youtomto.com
D download.0qn312i.com
D elbv2.ap-east-1.amazonaws.com
D elbv2.ap-northeast-1.amazonaws.com
D elbv2.ap-southeast-1.amazonaws.com
D elk.quamminv2auto.com
D elog.dyoukown.com
D filedown.dyoukown.com
D fileinternaldownload.sstjx123.com
D grafana.tianxiapays.com
D graylog.tianxiapays.com
D imdj.imdj2001pankou.com
D jenkins.normalywe.com
D jenkins.ssgonna.com
D jenkins.sstjxjkl.com
D jumpserver.sstjx123.com
D jyb02pull.merchantapi02.com
D kibana.jptxauto.com
D kibana.sstjx123.com
D klog.sstjx123.com
D log.normalywe.com
D myhuaweicloud.com
D nacos.jpqmv2auto.com
D nacos.jptxauto.com
D nacos.quamminv2auto.com
D nacos.txcardom.com
D newdaifulog.sstjx123.com
D newgitlab.dyoukown.com
D newpaylog.sstjx123.com
D platform-log.sstjx123.com
D pop.itcom110.com
D proxy.youtomto.com
D proxylog.sstjx123.com
D schemas.ultradns.com
D skt.gsty8.com
D skt032000.esapi.imapi.net
D slb.ap-southeast-1.myhuaweicloud.com
D slb.ap-southeast-3.myhuaweicloud.com
D slb.cn-east-3.myhuaweicloud.com
D slb.cn-north-4.myhuaweicloud.com
D slb.cn-south-4.myhuaweicloud.com
D test.twairisk.com
D tfjh1.o5q3c57e.com
D third-order.jptxordera.com
D third-order.jptxorderb.com
D third-order.jptxorderc.com
D tianxiagraylog.hnxmny.com
D tianxianacos13.hnxmny.com
D vishnuplus.com
D zabbix.dyoukown.com
D api.abc51fl74.com
D api.funnullv8.com
D asdm.bin
D boot.cfg
S api-tw.pragmaticplay.net
S gitlab.fgry45iy.com
D aip.800asg.com
D api4.8800ssg.com
D ch3e.7dy48r.com
D ch4e.yop4mvkv.com
D chr4.s9xufcvb.com
D gitlab-ee.sstjx123.com
D im.e955e3a6.com
D kcloud-membermiddle.yhnxmny.com
D kkcloud-membermiddle.yhnxmny.com
D pcs3img.d2vm7.comn
D pos3img.5z7p5r3z.com
D pro-uploadsrv-slb-5618ff05714275be.elb.ap-east-1.amazonaws.com
D rcxyl.cnrk
D skt.papa4.cn
D testca.geetest.com
D wallet.ys7pi.co
D webtest.bobvip10.com
D y3uatchatsv.y6nd9.com
D 0sym.r7abqbma.com
D 7finabg.8dgq4r.vip
D 7sitebg.8i7d6x.vip
D 8finabg.8dilyw.vip
D 8sitebg.8ic3c1.vip
D 9finabg.8djbhk.vip
D 9sitebg.8icuc4.vip
D api.px5ws.cm
D byuatopenapi.by100.siteobject
D c5rh.huncool.com
D djyoapi.merchantapi06.com
D ma2g6.k5lhcnhe.com
D monorepo-production-edge-alb-985829473.us-east-1.elb.amazonaws.com
D p3-pro-callback-proxy-slb-202735c31454eab0.elb.ap-east-1.amazonaws.com
D report-admin.2019luckygo.com
D v1y8r.r5nw9i7i.com
D v3uu8.zoyt9f8b.com
D api-tw.ppslot001.net
D jtxpay.6le35.com
D jtxpay.ymn6a.com
T 0.centos.pool.ntp.org
T 0b066608a0195d1692a4e1f1aab4b5b8.s3.us-west-2.amazonaws.com
T 1.centos.pool.ntp.org
T 11.87zf.cn
T 2.centos.pool.ntp.org
T 2sasj.fastsgcpapi.com
T 3.centos.pool.ntp.org
T 74kma.com
T 76ojj.com
T 888.bbinsoft.com
T 888.yabo808.com
T 939ql5-gfe5pl.imapi.net
T 939ql5-sfsbws.imapi.net
T 96825edge.man077.com
T admin.2018lucky.com
T admin.lv38w.cn
T admin.prerelease-env.biz
T aegis.alicdn.com
T agent-admin.2018lucky.com
T agent-hth-ugsapi.nbx-games.com
T agent-yabo-ugsapi.nbx-games.com
T agent.payeco.com
T agent.yabo2023.com
T ali-bankcard4.showapi.com
T aliyun-hk-bw2-uat-frontstatic.oss-cn-hongkong.aliyuncs.com
T aliyun-hk-pb-pro-frontstatic.oss-cn-hongkong.aliyuncs.com
T aliyun-hk-pc-pro-frontstatic.oss-cn-hongkong.aliyuncs.com
T am.bgvip55.com
T api-2403.ppgames.net
T api-data.next.77976kd.com
T api-data.next.wz4367c.com
T api-data.obothapi.com
T api-data.yg.casino
T api-data.zr.casino
T api-dtservice.com
T api-obpmcw.k2net.io
T api-ssl.bitly.com
T api-tw.pragmaticplay.net
T api-v4.ely889.com
T api.1cloudsp.com
T api.253.com
T api.5h6w7iyi.com
T api.bwuat2020.com
T api.cqgame.games
T api.dg99api.com
T api.feige.ee
T api.fts368.com
T api.geetest.com
T api.github.com
T api.goldenf.me
T api.hou2008.com
T api.htyyds.com
T api.ipplus360.com
T api.it-china.cn
T api.jdb1688.net
T api.jptxnewapidc.com
T api.ktu87.com
T api.line.me
T api.m27613.com
T api.mysubmail.com
T api.next.wz4367c.com
T api.paasoo.cn
T api.pg-bo.me
T api.pg-bo.net
T api.prerelease-env.biz
T api.push.hicloud.com
T api.pyjjjcw.com
T api.queenmakergames.co
T api.sendcloud.net
T api.sg688.org
T api.sms654.com
T api.telegram.org
T api.twtxuatnew.com
T api.twwalletapigatewayaa.com
T api.voice.ihuyi.com
T api.xlsms.com
T api.xmpush.xiaomi.com
T api.ybcpcg666.com
T api.ybcpcg888.com
T api.zr.casino
T api01.aliyun.venuscn.com
T api01.oriental-game.com
T api1.sg688.org
T api11.aliyun.venuscn.com
T api2.yinuotaoci.com
T apigatewaay.twwalletuat.com
T apii.cqgame.cc
T apis.juhe.cn
T apistaging.wx7777.com
T app-download-service.google-analytes.com
T asiaapi.xfuoo.com
T bank.pingan.com
T bankcardc.shumaidata.com
T banktwo.market.alicloudapi.com
T bcaptcha.botion.com
T bcaptcha.botlabpro.com
T bcaptcha.netshunt.com
T bcard3and4.market.alicloudapi.com
T bdapp01-bak.s3.ap-east-1.amazonaws.com
T bdapp01.s3.ap-east-1.amazonaws.com
T betinfo.yabogamepartner888.com
T betinfo.yaboqpresource8.com
T bkapi.38zrmc02.com
T bobldap.incre1688.com
T bot.26omrzbj.com
T build-signature.8dlqhnmt.com
T build-signature.y3jv2rtd.com
T bwsms888.com
T bypass.geetest.com
T byuatopenapi.by100.site
T c2cexchangerate.abchfvaz.com
T cgi.urlsec.qq.com
T che0.9918ynb8.com
T cohr8.abchfvaz.com
T cohr8.abchha22.com
T core.telegram.org
T customer.2018lucky.com
T cwzt.adminbwall.com
T data.magpiebridgedsiobi.com
T datafeed2.tysondata.com
T djapi.0h37rk.com
T djapi.ouligk.com
T djbwpull.merchantadmin08.com
T djtop.merchantapi09.com
T djtoppull.merchantapi09.com
T djweb.0h37rk.com
T djyabopull.merchantapi07.com
T djyb02pull.merchantapi02.com
T dwz.cn
T dx.51dxpt.com
T dyuat-eg-betinfo.666789.site
T easy3-app-gateway-dx.change-easy11.com
T ebcn.mgzwhw.cn
T egbetinfo.ygsceq.com
T erp.itechnos.cc
T etpay888.com
T external-gateway-server-jp.dbsportxxx5x4.com
T external-gateway-server.dbsportxxx5x4.com
T fdcallback.pbuat3.com
T feitouaaa.easysdhjkq.com
T file.sstjxzxc.com
T files.houtu001.com
T files.houtuadmin.com
T finance-management.adminbwall.com
T finance-management.bwuat2020.com
T finance.bw2pro.com
T finance.pbpro3.com
T fk-api.iw8ay5q.com
T flygram.im
T frontend.hou2008.com
T fsaap.velkigames365.cc
T fsafe.velkigames365.cc
T ftp.dbsportxxx1ceo.com
T g1s7api.bw6688.com
T g1s7tsa.bw6688.com
T g8b6api.bw6688.com
T gateway.dbsportxxxmu3g.com
T gateway.hnapay.com
T gcaptcha4.geetest.com
T gci.yabo808.com
T gci.yabotiyu.com
T getcomposer.org
T gi.yabo808.com
T gi.yabotiyu.com
T gitlab.afj0ysw5e40.com
T graph.facebook.com
T handle.sgapi00.com
T handlelog.dqccque.com
T hassan.amouhzi.com
T hcapi11.market.alicloudapi.com
T hk.pool.ntp.org
T ht02-bak.s3.ap-east-1.amazonaws.com
T ht02.s3.ap-east-1.amazonaws.com
T imap.163.com
T imap.gmail.com
T imap.mail.yahoo.com
T imap.yeah.net
T imdj.imdj3001pankou.com
T imone-report.imaegisapi.com
T imone-yabo.imaegisapi.com
T imone.imaegisapi.com
T intapi.253.com
T intelsms.it-china.cn
T interface.i314.net
T ios-download.hebeibaogao.com
T ip.taobao.com
T ipquery.market.alicloudapi.com
T j157api.bw6688.com
T j458api.bw6688.com
T jenkins-buildpackage.s3.ap-east-1.amazonaws.com
T jsrv-abroad.aegis.aliyuncs.com
T jsrv-ap-southeast-1.aegis.aliyuncs.com
T jsrv.aegis.aliyun.com
T jsrv2.aegis.aliyun.com
T jsrv3.aegis.aliyun.com
T jsrv4.aegis.aliyun.com
T jsrv5.aegis.aliyun.com
T jumpserver.opsgod.com
T k-hero.com
T kittypay168.xgwgxff.cn
T linkapi.bbinsoft.com
T linkapi.yabo808.com
T linkapi.yabovip6.com
T live.kewail.com
T live.moduyun.com
T liyun-hk-pe-prod-appdown.oss-cn-hongkong.aliyuncs.com
T login.vmall.com
T lundroid.market.alicloudapi.com
T m.5c.com.cn
T mail.itcom666.com
T main.mattermost.vip
T matter.qwegnd0v.com
T mattermost-pro-proxy-slb-cf320932fd88b31e.elb.ap-east-1.amazonaws.com
T mfkax4.gdcapi.com
T mibean.com
T mkcn.site2.goldenf.io
T mkcny.fts368.com
T mkcnymobile.fts368.com
T mkhk.site2.goldenf.io
T mkhkd.fts368.com
T mkhkdmobile.fts368.com
T mkinr.fts368.com
T mkinrmobile.fts368.com
T mkkrw.fts368.com
T mkkrwmobile.fts368.com
T mkvnd.fts368.com
T mkvndmobile.fts368.com
T mobilejenkins.e04zaotk.com
T mp.weixinbridge.com
T musdt.fts368.com
T musdtmobile.fts368.com
T mvnrepository.com
T n1api.linirn.com
T new-gitlab.21bcca60.com
T newapi.xfuoo.com
T ocr.au8f2.com
T ocsp.apple.com
T open.gzchengshu.com
T openapi.misttrack.io
T openapi.yabogameresource.com
T openapi.yaboqppartner666.com
T openapi.yaboqpresource8.com
T otc-api-hk.eiijo.cn
T packagist.org
T packagist.phpcomposer.com
T pay.orktysj.cn
T pay.vipbx.cn
T pay11a.etxas.com
T pay15a.7f5m3q.com
T pay18b.1j5jc.com
T pay24c.o7z68r.com
T pay30a.7c3l74.com
T pay31a.8m3b6.com
T pay34c.tyjkp.com
T pay37a.g8eol.com
T pay37c.g8eol.com
T pay7.guachuo.cn
T payout10.f5sad4f53.com
T payout12.f5sad4f53.com
T payout13.f5sad4f53.com
T payout14.f5sad4f53.com
T payout15.f5sad4f53.com
T payout16.f5sad4f53.com
T payout18.f5sad4f53.com
T payout19.f5sad4f53.com
T payout20.f5sad4f53.com
T payout21.f5sad4f53.com
T payout22.f5sad4f53.com
T pcs3img.d2vm7.com
T pctop02.merchantapi06.com
T pecl.php.net
T pos3img.medwv4uu.com
T pos3img.xo0m37lk.com
T pre-wallet-api.ebpay.info
T prod-ht-bobtb-bak.s3.ap-east-1.amazonaws.com
T prod-ht-bobtb.s3.ap-east-1.amazonaws.com
T pull.bw4i46.com
T qijianzhan1-web.bwuat2020.com
T report.qyi5xx.com
T rest-api.telesign.com
T rest.nexmo.com
T rest.supersms.co
T s3.ap-east-1.amazonaws.com
T s5b3api.bw6688.com
T safe.ie.sogou.com
T sandboxapp.cloopen.com
T sdk.lx198.com
T second.dingdongs.vip
T security.houtu666.com
T skt043000.sfsbws.imapi.net
T skt043001-rpt-esapi.bangkag.site
T skt043001.sfsbws.imapi.net
T sms.bdt360.com
T sms.jujing35.com
T smssh1.253.com
T soso.bz
T spi.r4espt.com
T sportapi.fastball2.com
T sports.yaboin.com
T sptapi.server.newsportspro.com
T sqs.us-east-1.amazonaws.com
T staging-api.queenmakergames.co
T storage.googleapis.com
T sts-obpmcw.k2net.io
T submit.10690221.com
T tcgapi.gameserverstcg.com
T tcgapi.yabotiyu.com
T telegram.me
T test-wallet-api-gateway.fbnma.com
T test.ybtest39.com
T thinkphp.cn
T time.google.com
T tlpay.fgry45iy.com
T tmhwp.evo-games.com
T tmhwp.uat1.evo-test.com
T tmmk.evo-games.com
T top.midadacn.cn
T trade.qnbus.com
T trobot.ymtio.com
T tx.t2g294.com
T txpay01.fjofiawffa.com
T txpay02.afjoiaejfgr.com
T u.esoftsms.com
T u.smsyun.cc
T uat-wb-api-2.jiscc77s.com
T uatopenapi.fun100.site
T update-ap-southeast-1.aegis.aliyuncs.com
T update.aegis.aliyun.com
T update2.aegis.aliyun.com
T update3.aegis.aliyun.com
T update4.aegis.aliyun.com
T update5.aegis.aliyun.com
T update6.aegis.aliyun.com
T v.apihome.org
T v.apistore.cn
T video.bktest666.com
T video.fitgg.com
T vv-ca.com
T w.apiext88.net
T w.url.cn
T wallet-api.coinhui.net
T wallet-api.ebpay.me
T wb-api-2.nqaqwty9.com
T web.i6abo.com
T web.yabo2023.com
T webclip-yabo.googleanalytes.com
T www.abchina.com
T www.aload.com
T www.apple.com
T www.bankcomm.com
T www.bwsms888.com
T www.cc-1234.com
T www.ccb.com
T www.chinapost.com.cn
T www.cmbc.com.cn
T www.cmbchina.com
T www.connect4play.com
T www.dasprids.de
T www.googleapis.com
T www.houtu666.com
T www.icbc.com.cn
T www.igopays.com
T www.im1sports.com
T www.k7mgu6.com
T www.mdweni.com
T www.mqpwfd.com
T www.rr11223.com
T www.spdb.com.cn
T www.test001.com
T www.usecourity.com
T www.yabet1.com
T www.yabet2.com
T www.yabet3.com
T www.yabet4.com
T www.yabet5.com
T www.yabet6.com
T www.yabet7.com
T www.yabet8.com
T www.yabet9.com
T www.yabo.com
T www.yabo2015.com
T www.yabo2018.com
T www.yabo2023.com
T www.yabo229.com
T www.yabo258.com
T www.yabo397.com
T www.yabo805.com
T www.yaboin.com
T www.yabovip2027.com
T www.yabovip2028.com
T www.yb57.app
T www.yb79.app
T www.ybqpapp2.com
T www.ybqpapp4.com
T wx.qlogo.cn
T xb.gdcapi.com
T xbybetinfo.esuqfi.com
T xbyopenapi.qoiebo.com
T xh.gdcapi.com
T y0api.e62nmagl.com
T y0backendstatic-us-east-1.s3.amazonaws.com
T y0backendstatic-us-east-1.s3.us-east-1.amazonaws.com
T y0backendstatic.s3.ap-east-1.amazonaws.com
T y0fdbackendstatic.s3.ap-east-1.amazonaws.com
T y1api.e62nmagl.com
T y2api.e62nmagl.com
T y36.record.gfapi.vip
T y36.record.goldenf.me
T y3api.e62nmagl.com
T y3backendstatic-us-east-1.s3.amazonaws.com
T y3backendstatic-us-east-1.s3.us-east-1.amazonaws.com
T y8backendfdstatic.s3.ap-east-1.amazonaws.com
T y8uatchat.qwes72qk.com
T y8uatrate.1890at2.com
T yabo-iaz-sfsbws.imapi.net
T yabo-igc-sfsbws.imapi.net
T yabo-sfsbws.imapi.net
T yabo.merchantapi01.com
T yabo.sfsbws.imapi.net
T yabotiyu.sfsbws.test.imapi.net
T yb.api.goldenf.me
T yb.record.gfhub.xyz
T yb.record.goldenf.me
T yb.test.gf-gaming.com
T ybhandle.sgapi00.com
T ybloghandle.sgapi00.com
T ybowb-340.wmapi99.com
T ybpay04.vdq4k2.com
T ybpay05.4oc92.com
T ybpay06.56s433.com
T yhkeys.market.alicloudapi.com
T yshandle.geroapi.com
T yshandle.sgapi00.com
T yum.sstjxzxc.com
T zr.slimxu.com
D 1eggo.com
D 1qefy8.2dv7nvoi.com
D 96low.com
D 987edkoilo.baiduybpay.com
D 98rev.com
D 99gn5f-8jy5qn-inf.imapi.net
D 99gn5f-sfsbws-inf.imapi.net
D agadmin.19cpiao.com
D agentadmin.guancaidan.com
D aliyun-hk-pe-prod-appdown.oss-cn-hongkong.aliyuncs.com
D api.0351sjj.com
D api.672787.com
D api.ant-668.com
D api.avia-gaming.com
D api.avia.ph
D api.bitpay168.com
D api.cart22.com
D api.cart668.com
D api.dajili668.com
D api.duanxinke.com
D api.e2sdn.com
D api.gogo9845.com
D api.gpayment.cc
D api.hbpqn.cn
D api.hcpay.shop
D api.hengchang88.com
D api.hnxmny.com
D api.iryudfui.xyz
D api.jiantianxiathirda.com
D api.jiantxapia.com
D api.jiantxapib.com
D api.jiantxapic.com
D api.jiasheng28.com
D api.jptxlan.com
D api.larmoqq.cn
D api.miyou1024.com
D api.p9yun.com
D api.quamminv2cashierapia.com
D api.quamminv2cashierapib.com
D api.quamminv2cashierapic.com
D api.rrich.site
D api.sg1188.org
D api.sg1288.org
D api.sg1388.org
D api.starpays.co
D api.t742644.com
D api.tongltd.com
D api.uiui8899.com
D api.uopay.info
D api.win2pay.com
D api.xgl0755.com
D api.xhr9vqqnp.com
D api.yap19.com
D api1.sg188.org
D api1.sg488.org
D api1.sg88.ws
D api1.sg888.org
D api1.sg988.org
D apigateway.twwallet-lan.com
D apkc.pg.qilinpro.com
D appdown.hnxmny.com
D apph5.z10m1z.com
D azpay3.075w63.com
D azpay4.24yr3x.com
D b.tjhdkj.com
D b2api.gzchengshu.com
D bg.iluckygift.com
D bigbig456.com
D boce.hnxmny.com
D callback.akmstatic.com
D ch0e.hzp531.com
D chat.au819i.com
D chats.zxprochat.com
D client.dogpay.vip
D comwsapi.chengxintech9.com
D crystalball.tysport888.com
D daifu.jwdown.com
D daifu42.financial-dfa.com
D daifu42.financial-dfb.com
D daifu42.financial-dfc.com
D deploy.bjshxg.com
D djmerchantpull.ybdjgame.com
D djpull.fogsdauen.com
D dyoh5s3.si6w8.com
D e62nmagl.com
D ebank.xifpay.com
D es-cn-v641ck0xr00154jge.public.elasticsearch.aliyuncs.com
D feedback.push.apple.com
D fengyun.dsdfpay.com
D file.quamminv2auto.com
D finance.pcpro4.com
D ftp.sportxxx1ceo.com
D gameinfo2.v88kgg.com
D gate.666666pay.cn
D gate.aospay.cn
D gateway.baskos.com
D gateway.clpayment.com
D gateway.push.apple.com
D gateway.sportxxx74k.com
D gateway.sportxxxmu3g.com
D gd.yabotiyu.com
D gitlab.dubaiyb.com
D gitlab.mdhue.com
D h5.19cpiao.com
D h5.bhprs.com
D h5.hnxmny.com
D h5.ybcpcg666.com
D h5static.0am08m.com
D handlelog.dhsndhj.com
D haoying.ebet.im
D hjy7ge.com
D hlnychina.com
D ht-admin-fat.tmaplucky.com
D ht-api.n20f38.com
D hy.ser168pay.com
D hy.wugopay.com
D imapi.mg-hk02.com
D imapi.rezffb.com
D imapi3.rezffb.com
D imes-yabotiyu.tianjiugong.com
D integrate2.v88kgg.com
D intg.xj-intg888.co
D intg.xj-intg888.com
D ipis-huanqiu.imapi.net
D ipis-yabo.imapi.net
D ipis-ybbw031.imapi.net
D jijie9999fadacai9999.net
D keno.game88service.com
D lapivi4rtpx5b.xy2pay.cc
D laravels.akmstatic.com
D ltezp.xyz
D m.otsportsstream.com
D mapi.rezffb.com
D membermiddle.yhnxmny.com
D mobile.akmstatic.com
D mog117.haa477.com
D mrw.so
D newfile.ya802018.net
D o81fc.com
D oj5iy.com
D p.hboluo.com
D pay.1977.cm
D pay.jmtvip.cn
D pay.kirinpay.org
D pay.mgpay.cc
D pay.oujipay.com
D pay.serviceforpa.com
D pay.xingqiujiayuan.com
D pay.xypay66.com
D pay10a.70509m.com
D pay13a.i3u32g.com
D pay14b.50q256.com
D pay16c.q8x27.com
D pay17a.o6237x.com
D pay23c.nvvy4.com
D pay32c.30594h.com
D pay33a.btldr.com
D pay36.q6y76.com
D pay36a.q6y76.com
D pay38b.3t30bw.com
D pay39b.f883j1.com
D pay42.financial-zfa.com
D pay42.financial-zfb.com
D pay42.financial-zfc.com
D pay6.yabovip268.com
D payment.zsagepay.com
D payout1.das54fad1.com
D payout10.o0q299.com
D payout11.o0q299.com
D payout12.o0q299.com
D payout14.o0q299.com
D payout2.das54fad1.com
D payout21.66rosu.com
D payout22.66rosu.com
D payout22.8fds4fds2.com
D payout3.das54fad1.com
D payout4.das54fad1.com
D pfront.631079.com
D pi.quamminv2cashierapic.com
D pocair.com
D pro02.twairisk.com
D q3vcf.com
D q7g1l.com
D quan88888.com
D qxpay.xyz
D rcxyl.cn
D rcxyl.cnk
D report.c593xw.com
D report.ul68qh.com
D skt.hnxmny.com
D skt.yj33.xyz
D skt03cny.ebet.im
D skt043001-rpt-esapi.bangkag.si
D skt04cny.ebet.im
D sms.yabotiyu1888.net
D smtp.gmail.com
D smtp.tymail.com
D sports.test.yabogood.com
D sspt168.com
D static.0am08m.com
D static.0am08m.comm
D sudo.qilinpro.com
D sxyrr01.yingrunr.cn
D third-callback.jiantxcallbacka.com
D third-callback.jiantxcallbackb.com
D third-callback.jiantxcallbackc.com
D third-order.jiantxordera.com
D third-order.jiantxorderb.com
D third-order.jiantxorderc.com
D thirdpart-api.mktcenter.org
D thirdpart-api.mktvip.net
D tigerapi.all5555.com
D tigerapi.oriental-game.com
D tranfer.ya802018.net
D transfer-bg.iluckygift.com
D tttint.onlinegames22.com
D tx.4f4zs3.com
D tx.4lts60.com
D tx.6knd47.com
D tx.md53cx.com
D tx.x5q794.com
D undroid.market.alicloudapi.com
D upload.ebetapp.com
D video.c6mggg.com
D video.fe4no.com
D vr8c5.com
D web.hnxmny.com
D web.yabovip.com
D webcdn.akmstatic.com
D wechat.7tink.com
D wmpay.wshangfu.com
D wpi37.spscores.org
D wsgd.gdsecure88.com
D wsgdreport.gdsecure88.com
D www.2028lucky.com
D www.qunfaduanxin.vip
D www.shuangyapp11.com
D xj-sb-asia-yabo.prdasbbwla1.com
D y1uatchatsv.y6nd9.com
D ybpay01.y1upe.com
D ybpay02.okh90g.com
D ybqp-appdown.hnxmny.com
D yq.tjyy666.com
D yyfgooda.cn
T 0.asia.pool.ntp.org
T 1.asia.pool.ntp.org
T 2.asia.pool.ntp.org
T 26yrce-chablis.imapi.net
T 3.asia.pool.ntp.org
T 7v0rn.fastsgcpapi.com
T agent-ayx-ugsapi.nbx-games.com
T aliyun-bw-hk-pro-frontstatic.oss-cn-hongkong.aliyuncs.com
T aliyun-bw-hk-uat-frontstatic.oss-cn-hongkong.aliyuncs.com
T aliyun-hk-bw2-pro-frontstatic.oss-cn-hongkong.aliyuncs.com
T aliyun-hk-dev-bw-frontstatic.oss-cn-hongkong.aliyuncs.com
T aliyun-hk-fat-bw-frontstatic.oss-cn-hongkong.aliyuncs.com
T aliyun-hk-fat-bw2-frontstatic.oss-cn-hongkong.aliyuncs.com
T aoa-web.bwuat2020.com
T api-test-v4.diaoq.com
T api.675921.com
T api.a45.me
T api.bdxhj.com
T api.binance.com
T api.bybit.com
T api.dbsporxxxw1box.com
T api.gahqubp6.com
T api.yanjunyun.com
T api.yg.casino
T api1.bw2fat.com
T api2.bybit.com
T api2.ybcppankou1.com
T bigdatamodelservice.zfbigdata-lan.com
T bigquery.googleapis.com
T byuatbetinfo.by100.site
T challenges.cloudflare.com
T chatrooms3.s3.ap-east-1.amazonaws.com
T che1.3e6231.com
T che4.rbcfmb95.com
T che5.wwwok779.com
T checkpoint-api.hashicorp.com
T coderep.mdhue.com
T cp-yb02-api.rhdtz.com
T cpapi.yabocp.xyz
T cpyb02.merchantapi02.com
T demo.fastsgcpapi.com
T dev-magpiebridge-date.qwasn.com
T djyb02.merchantapi02.com
T dybetinfo.imxwyk.com
T dyuat-eg-openapi.666789.site
T dyuatbetinfo.666789.site
T ebet-test.yb1001callback.com
T evo.dbgame.io
T ext-api.aceruat.com
T externalapi.blog6up.com
T extrahop.com
T fat-xxl-job.abc9by6pt.com
T gcpslb.bwproxy1.com
T get.jenkins.io
T gi.qt1001pankou1.com
T github.com
T handle.dqccque.com
T handlelog.dshotee.com
T hash-api.ob-hash.org
T hash-api.s2qajtb.com
T iamcredentials.googleapis.com
T iapi.ccapykdsd.com
T iapi.wtapaakmv.com
T im.skgfat2.com
T im.test.im31pankou.com
T imdj.im1001pankou.com
T img.bwhou2028.com
T imone-yabo-report.imaegisapi.com
T ip.me
T m.cmbchina.com
T membermiddleservice-new.pouat5.com
T mirrors.tuna.tsinghua.edu.cn
T msgpush.m7bo2190.com
T newdbbetinfo.dfkhjort.com
T npmjs.sstjx123.com
T oauth2.googleapis.com
T operatorapi-report.staging.imaegisapi.com
T p2p.binance.com
T pa-pro-upload-slb-b81529896f8fdabb.elb.ap-east-1.amazonaws.com
T panda-api.merchantapi10.com
T panda-pull.merchantapi10.com
T pas3img.4fylczr9.com
T pas3img.c92d69.com
T pas3img.h4059.com
T pas3img.rz7t5bt.com
T pastatic.aaums0.com
T pre-mkt-thirdpart-api.ebpay.info
T registry.npmjs.org
T repo.zabbix.com
T resign.xh0u7u.com
T riskstatistics.jpriskuatnew.com
T rsync.mirrors.ustc.edu.cn
T s3static.dmkscn.com
T s3static.fja5t8.com
T sandbox-gateway.dbsportxxx278gwf4.com
T sms.olympicstar.info
T spi-test.r4espt.com
T sptapi.server.st-newsports.com
T staging-agent-yabo-ugsapi.nbx-games.com
T syd.hopcloud.extrahop.com
T test-mkt-thirdpart-api.dcops.cc
T tiup-mirrors.pingcap.com
T tw.pool.ntp.org
T txfat-api.4771m1.com
T txfat-api.fbnma.com
T uatbetinfo.fun100.site
T updates.jenkins.io
T webclip-api.google-analytes.com
T wsapi.17ce.com
T www.boc.cn
T www.cgbchina.com.cn
T www.connect6play.com
T www.google.com
T www.htx.com
T www.mtls.googleapis.com
T www.okx.com
T www.walitest.com
T www.yxhnz7.com
T y0fatbackendstatic.s3.ap-east-1.amazonaws.com
T y1backendstatic-us-east-1.s3.amazonaws.com
T y1backendstatic-us-east-1.s3.us-east-1.amazonaws.com
T y1backendstatic.s3.ap-east-1.amazonaws.com
T y1fdbackendstatic.s3.ap-east-1.amazonaws.com
T y1uatchatsv.qwes72qk.com
T y1upload.6prgn.com
T y2backendstatic-us-east-1.s3.amazonaws.com
T y30.api.gfapi.vip
T y30.record.goldenf.me
T y31.record.gfapi.vip
T ybbw030-esapi.bangkag.site
T ybbw030-rpt-esapi.bangkag.site
T ybbw031-esapi-test.bangkag.site
T ybbw031-mxxmm-test.imapi.net
T ybbw031-rpt-esapi.bangkag.site
T ybbw031-sfsbws-test.imapi.net
T ybbw031-sfsbws.imapi.net
D amcredentials.googleapis.com
D api-tw.pragmaticplay.net
D api-xconnect-test.lhapi1.com
D api.7d78bbrc.com
D api.e62nmagl.com
D api.ixitechcall.com
D api.sportxxxw1box.com
D api.wtapvvesds.com
D api.z9i3hg6f.com
D d1vkst6qven3bj.cloudfront.net
D devbwfrontoss.z3x9u9.com
D djmerchantapi.ybdjgame.com
D gitlab.fgry45iy.com
D handle.dhsndhj.com
D iapi.ccapxdsd.com
D j7.hnxmny.com
D kioskpublicapi.88shared.com
D merchant-api.sportxxx278gwf4.com
D oeiqon.cn
D pas3img.8l54aiv.com
D pastatic.3yr32880.com
D post-cn-09k1qhk4203.mqtt.aliyuncs.com
D pro01.twairisk.com
D resapi.xh0u7u.com
D site1050-admin.bw2fat.com
D site1050-agent.bw2fat.com
D site1050-agentdownload.bw2fat.com
D site1050-chess.bw2fat.com
D site1050-download.bw2fat.com
D site1050-h5.bw2fat.com
D site1050-qpdownload.bw2fat.com
D site1050-tydownload.bw2fat.com
D site1050-web.bw2fat.com
D skt02cny.ebet.im
D smtp.bestedm.org
D static.0io4z3.com
D static.672353.com
D txdev-riskstatistics.9uymfl.com
D txfat-api.ftgyhujiko5100.com
D uatbw2frontoss.z3x9u9.com
D uatbwfrontoss.z3x9u9.com
D www.new-doc.vip
D xingyun-portal-slb-2067423653.ap-northeast-1.elb.amazonaws.com
D xingyunguanjia-1606367418.ap-northeast-2.elb.amazonaws.com
D y1newkafka01.service.bw
T accounts.google.com
T acme-v02.api.letsencrypt.org
T admin.bw2pro.com
T agent-leyu-ugsapi.nbx-games.com
T alidns.aliyuncs.com
T aliyun.com
T aliyuncs.com
T amazonaws.com
T apache.org
T api-client.apeirocdn.com
T api-qvm.qiniu.com
T api.7vzqz5.com
T api.88domain.com
T api.boce.com
T api.cdnetworks.com
T api.dns.la
T api.dnspod.com
T api.godaddy.com
T api.greypanel.com
T api.name.com
T api.namecheap.com
T api.tianapi.com
T api.toffstech.com
T api.trustocean.com
T api.ucloud.cn
T api.ultradns.com
T apidatav2.chinaz.com
T apiv4.yundun.com
T apollob1pro.21bcca60.com
T artifacts.kaniko-project.appspot.com
T b1suske.003pvk.com
T b2suske.00zr1e.com
T b3suske.027ww6.com
T bale-apollo-config.abc9by6pt.com
T bcd.baidubce.com
T bill-union.api.ksyun.com
T billing.tencentcloudapi.com
T bkapi.3sk0k.com
T bkapi.62gui.com
T bkapi.6dzl2.com
T bkapi.a3baf.com
T bkapi.fdfre.com
T bkapi.g1oid.com
T bkapi.jj00j.com
T bkapi.ktgh9.com
T bkapi.ld9uq.com
T bkapi.ltgd5.com
T bkapi.on3jj.com
T bkapi.qrqkp.com
T bkapi.sqdz5.com
T bkapi.uy68g.com
T bkapi.xetb8.com
T bobdevops.incre1688.com
T boto3.amazonaws.com
T bss.myhuaweicloud.com
T bw2fatlogs.bjshxg.com
T bw2prologs.21bcca60.com
T bw2prologs.bjshxg.com
T bw2uatlogs.bjshxg.com
T cas.aliyuncs.com
T cdn.myhuaweicloud.com
T cdn.registry.gitlab-static.net
T cdn.tencentcloudapi.com
T che3.6s5is.com
T clb.tencentcloudapi.com
T cloud.google.com
T cloudfront.amazonaws.com
T confluence.incre1688.com
T cvm.tencentcloudapi.com
T cwiki.apache.org
T d3bufqep38j3s3.cloudfront.net
T d3fm9nrqlnbi8r.cloudfront.net
T dcdn.aliyuncs.com
T ddoscoo-share.aliyuncs.com
T ddoscoo.ap-southeast-1.aliyuncs.com
T ddoscoo.cn-hangzhou.aliyuncs.com
T dns.com
T docker.io
T docs.imperva.com
T domain.aliyuncs.com
T domains.markmonitor.com
T download.02v6j.com
T download.08ika.com
T download.0b185.com
T download.0hj5.com
T download.173m6v1.com
T download.17757554110.com
T download.18048qw.com
T download.1999-10.com
T download.30824z.cn
T download.3155114.com
T download.4mnovel.com
T download.581n.com
T download.685692.com
T download.7r1iqk52.com
T download.ahcn2.com
T download.ahng5.com
T download.apws9.com
T download.apyw5.com
T download.b6e1l.com
T download.bigadept.com
T download.binibeir.com
T download.bpohwic.com
T download.btgwjpx.com
T download.bzjsf.com
T download.chsx4.com
T download.cnpq4.com
T download.coso5.com
T download.crus6.com
T download.csckd.com
T download.ct2z.com
T download.cufl5.com
T download.ghkc0az.com
T download.greentea-cn.com
T download.haotiann.com
T download.he5u3.com
T download.hidaodian.com
T download.hl34kag.com
T download.ido3344.com
T download.iotyzy.com
T download.iperai.com
T download.it0jc.com
T download.ixc2v5d.com
T download.jcehmwx.com
T download.jixintoutiao.com
T download.jjtqrbjm.com
T download.jkn520.com
T download.joltpdh.com
T download.jtxrdbr.com
T download.juguangjiqi.com
T download.jxktfw.com
T download.kol6688.com
T download.ksrfid.com
T download.lancelvlu.com
T download.mihosk.com
T download.mingliaohao.com
T download.mossomen.com
T download.msxgm.com
T download.myzxq.com
T download.nan57.com
T download.neizhuyun.com
T download.p9sn5mq.com
T download.pzjdzx.com
T download.qingmiaojt.com
T download.r8qf4d8.com
T download.rd37y.com
T download.sdlljjh.com
T download.sgejintong.com
T download.tzqymould.com
T download.x251d48h.com
T download.xinliye88.com
T download.xtdiam.com
T download.yuzhiwujin.com
T download.yxnxny.com
T download.zouyinpj.com
T ec2.ap-east-1.amazonaws.com
T ec2.ap-northeast-1.amazonaws.com
T ec2.ap-southeast-1.amazonaws.com
T ec2.us-west-1.amazonaws.com
T ecs-cn-hangzhou.aliyuncs.com
T ecs.ap-northeast-1.aliyuncs.com
T ecs.ap-southeast-1.aliyuncs.com
T ecs.ap-southeast-1.myhuaweicloud.com
T ecs.ap-southeast-3.myhuaweicloud.com
T ecs.cn-east-2.myhuaweicloud.com
T ecs.cn-east-3.myhuaweicloud.com
T ecs.cn-guangzhou.aliyuncs.com
T ecs.cn-hongkong.aliyuncs.com
T ecs.cn-north-1.myhuaweicloud.com
T ecs.cn-north-4.myhuaweicloud.com
T ecs.cn-shanghai.aliyuncs.com
T ecs.cn-shenzhen.aliyuncs.com
T ecs.cn-south-1.myhuaweicloud.com
T ecs.cn-south-4.myhuaweicloud.com
T egopenapi.wovvwi.com
T elasticloadbalancing.ap-east-1.amazonaws.com
T elasticloadbalancing.ap-southeast-1.amazonaws.com
T elb.cn-east-2.myhuaweicloud.com
T elb.cn-east-3.myhuaweicloud.com
T elb.cn-south-1.myhuaweicloud.com
T elkb1pro.21bcca60.com
T elky2pro.21bcca60.com
T elky3pro.21bcca60.com
T elkybpro.21bcca60.com
T enom.com
T error-center.aliyun.com
T fapp.abcdisgz9.com
T fapp.abcdw0zed.com
T fapp.abct8ud5k.com
T fapp.abcz6d0j4.com
T file.sstjx123.com
T files.pythonhosted.org
T finance.ntwpoprod.com
T gcr.io
T gi.qt2000pankou.com
T gitlab.com
T gitlab.hhdc888.com
T godaddy.com
T google.com
T grafana.bjshxg.com
T happ.61h887.com
T happ.6350pk.com
T happ.663jm3.com
T happ.675335.com
T happ.jinpai0451.com
T helm.releases.hashicorp.com
T help.aliyun.com
T ht.houtu999.com
T iam.myhuaweicloud.com
T icann.org
T imdj.bdjxoq102.com
T imperva.com
T index.docker.io
T jenkins-ops.dyoukown.com
T jenkins-ops.sstjx123.com
T jenkinsybpro.21bcca60.com
T jenkinsyun.21bcca60.com
T kec.api.ksyun.com
T kingpay.api.ksyun.com
T ks3-cn-guangzhou.ksyuncs.com
T ks3-cn-hk-1.ksyuncs.com
T ks3-cn-shanghai.ksyuncs.com
T ks3-gov-beijing.ksyuncs.com
T ks3-jr-beijing.ksyuncs.com
T ks3-jr-shanghai.ksyuncs.com
T login.microsoftonline.com
T management.azure.com
T mattermost.0t9t.com
T mirrors.aliyun.com
T my.imperva.com
T nacos13.bjshxg.com
T name.com
T namecheap.com
T newbobjenkins.sstjx123.com
T newjenkins.dyoukown.com
T nodejs.org
T npm.bjshxg.com
T onlyoffice.21bcca60.com
T organizations.us-east-1.amazonaws.com
T outproxyelk-new.21bcca60.com
T password.21bcca60.com
T pb-uploadsrv-slb-662f16e5a2ca4f5f.elb.ap-east-1.amazonaws.com
T pbs3img.ca090g6.com
T pbs3img.cj65j5.com
T pbs3img.ex03fj7b.com
T pbs3img.ggh0807.com
T pbs3img.hkyemiri.com
T pbs3img.sjhyej4.com
T pbstatic.8ey390wq.com
T pbstatic.f63236.com
T pbstatic.yiningbt.com
T pc-pro-uploadsrv-slb-9e418651cbe3d3f3.elb.ap-east-1.amazonaws.com
T portal.greypanel.com
T production.cloudflare.docker.com
T publicsuffix.org
T pypi.org
T pypi.python.org
T raw.githubusercontent.com
T registry-1.docker.io
T registry.gitlab.com
T repo.maven.apache.org
T resellertest.enom.com
T rlog.remotedev1.com
T route53.amazonaws.com
T route53domains.us-east-1.amazonaws.com
T scdn.aliyuncs.com
T sensitivestatic.aosz7x.com
T skt032000.sfsbws.imapi.net
T skt032001-rpt-esapi.bangkag.site
T skt032001-sfsbws.imapi.net
T skt032001.sfsbws.imapi.net
T slb.ap-northeast-1.aliyuncs.com
T slb.ap-southeast-1.aliyuncs.com
T slb.cn-beijing.aliyuncs.com
T slb.cn-east-2.myhuaweicloud.com
T slb.cn-guangzhou.aliyuncs.com
T slb.cn-hongkong.aliyuncs.com
T slb.cn-north-1.myhuaweicloud.com
T slb.cn-shanghai.aliyuncs.com
T slb.cn-shenzhen.aliyuncs.com
T slb.cn-south-1.myhuaweicloud.com
T sslcode.com
T static.aosz7x.com
T telegram.org
T test-ebpay-wallet-api.dcops.cc
T trade.api.ksyun.com
T translate.google.com
T whois.crsnic.net
T www.dns.com
T www.icann.org
T www.ip138.com
T www.name.com
T www.namesilo.com
T www.recaptcha.net
T y1uatchatsv.1890at2.com
T y2fdbackendstatic.s3.ap-east-1.amazonaws.com
T y34.record.gfapi.vip
T ymxf.ysygjhg.com
T yundun.com
D 2pc-pro-uploadsrv-slb-9e418651cbe3d3f3.elb.ap-east-1.amazonaws.com
D admin.pcpro4.com
D api.jptxapia.com
D api.jptxapib.com
D api.jptxapic.com
D api.jptxapid.com
D api.txgenera.com
D applog.youtomto.com
D bjshxg.com
D bobzabbix.incre1688.com
D cdn.funnullv8.com
D cdn.funnullv8.comm
D daifu02-log.youtomto.com
D download.0qn312i.com
D elbv2.ap-east-1.amazonaws.com
D elbv2.ap-northeast-1.amazonaws.com
D elbv2.ap-southeast-1.amazonaws.com
D elk.quamminv2auto.com
D elog.dyoukown.com
D filedown.dyoukown.com
D fileinternaldownload.sstjx123.com
D grafana.tianxiapays.com
D graylog.tianxiapays.com
D imdj.imdj2001pankou.com
D jenkins.normalywe.com
D jenkins.ssgonna.com
D jenkins.sstjxjkl.com
D jumpserver.sstjx123.com
D jyb02pull.merchantapi02.com
D kibana.jptxauto.com
D kibana.sstjx123.com
D klog.sstjx123.com
D log.normalywe.com
D myhuaweicloud.com
D nacos.jpqmv2auto.com
D nacos.jptxauto.com
D nacos.quamminv2auto.com
D nacos.txcardom.com
D newdaifulog.sstjx123.com
D newgitlab.dyoukown.com
D newpaylog.sstjx123.com
D platform-log.sstjx123.com
D pop.itcom110.com
D proxy.youtomto.com
D proxylog.sstjx123.com
D schemas.ultradns.com
D skt.gsty8.com
D skt032000.esapi.imapi.net
D slb.ap-southeast-1.myhuaweicloud.com
D slb.ap-southeast-3.myhuaweicloud.com
D slb.cn-east-3.myhuaweicloud.com
D slb.cn-north-4.myhuaweicloud.com
D slb.cn-south-4.myhuaweicloud.com
D test.twairisk.com
D tfjh1.o5q3c57e.com
D third-order.jptxordera.com
D third-order.jptxorderb.com
D third-order.jptxorderc.com
D tianxiagraylog.hnxmny.com
D tianxianacos13.hnxmny.com
D vishnuplus.com
D zabbix.dyoukown.com
T admin.houtu999.com
T aws-hk-pa-chatroomsv-uat-slb-fb2a5b3c1ebb8c8e.elb.ap-east-1.amazonaws.com
T bzzu1z-chablis.imapi.net
T cb.houtu888.com
T cdn.cocoapods.org
T center.conan.io
T codeload.github.com
T coderep.gawtl.com
T coderep.remotedev1.com
T console.cdnyt.com
T dl.google.com
T dns.googleapis.com
T downloads.sourceforge.net
T dtybdrl8fpyk9.cloudfront.net
T get.rvm.io
T gi.qt3000pankou.com
T github.global.ssl.fastly.net
T gitter.im
T ios-repo.oss-cn-shanghai.aliyuncs.com
T jaist.dl.sourceforge.net
T jitpack.io
T mobiledoc.abc9i2fl.com
T pcs3img.11pm888.com
T pcs3img.44m4e.com
T pcs3img.genyun2019.com
T pub-web.flutter-io.cn
T pub.dartlang.org
T pub.dev
T python.org
T sdkfiledl.jiguang.cn
T sentry.io
T services.gradle.org
T skt043001-sfsbws.imapi.net
T smmobile2.apistore.huaweicloud.com
T umplus-sdk-download.oss-cn-shanghai.aliyuncs.com
T www.sentry.io
T www.zlib.net
T y3fdbackendstatic.s3.ap-east-1.amazonaws.com
T zlib.net
D api.abc51fl74.com
D api.funnullv8.com
D asdm.bin
D boot.cfg
S api-tw.pragmaticplay.net
S gitlab.fgry45iy.com
T aip3.8800lsy.com
T aip3.8800mty.com
T apollo2.all5555.com
T c4hbt.qwelgt2lk.com
T cisco.im
T membermiddleservice-new.pbuat3.com
T pcyb.merchantapi08.com
T pd-pro-uploadsrv-slb-215c562456f9df48.elb.ap-east-1.amazonaws.com
T pos3img.17srzx.com
T pos3img.4ubnsy.com
T pos3img.neiztcl.com
T pos3img.uoenuvy.com
T postatic.50029936.com
T sms.qxcioud.com
T tcgapi.wedhj9.com
T web.fgry45iy.com
T web.ssgonna.com
D aip.800asg.com
D api4.8800ssg.com
D ch3e.7dy48r.com
D ch4e.yop4mvkv.com
D chr4.s9xufcvb.com
D gitlab-ee.sstjx123.com
D im.e955e3a6.com
D kcloud-membermiddle.yhnxmny.com
D kkcloud-membermiddle.yhnxmny.com
D pcs3img.d2vm7.comn
D pos3img.5z7p5r3z.com
D pro-uploadsrv-slb-5618ff05714275be.elb.ap-east-1.amazonaws.com
D rcxyl.cnrk
D skt.papa4.cn
D testca.geetest.com
D wallet.ys7pi.co
D webtest.bobvip10.com
D y3uatchatsv.y6nd9.com
T 168finabg4.erq0bu.com
T 168finabg4.esffno.com
T 168finabg4.esmiir.com
T 168sitebg4.erq0bu.com
T 168sitebg4.esffno.com
T 168sitebg4.esmiir.com
T 1finabg.20luba.com
T 1finabg.2113hb.com
T 1finabg.24a7wj.com
T 1secbg.10jr5r.com
T 1secbg.ymoyj6.com
T 1sitebg.20luba.com
T 1sitebg.2113hb.com
T 1sitebg.24a7wj.com
T 2finabg.ep51mq.com
T 2finabg.er3hjo.com
T 2finabg.erizr1.com
T 2secbg.14j3gk.com
T 2secbg.ue4gu9.com
T 2sitebg.ep51mq.com
T 2sitebg.er3hjo.com
T 2sitebg.erizr1.com
T 3finabg33.fkfx2w.com
T 3finabg33.flihct.com
T 3finabg33.flqpo9.com
T 3secbg.f7k8q5.com
T 3secbg.q38kib.com
T 3sitebg33.fibr9e.com
T 3sitebg33.fj0vk3.com
T 3sitebg33.fjs4p1.com
T 4secbg.acfps7.com
T 4secbg.itr75u.com
T 5finabg.jf3nnq.com
T 5finabg.jflkrc.com
T 5finabg.jg2uyf.com
T 5secbg.v8ykwg.com
T 5secbg.zhb2iw.com
T 5sitebg.jf3nnq.com
T 5sitebg.jflkrc.com
T 5sitebg.jg2uyf.com
T 6finabg.6z0dv1.com
T 6finabg.95lidt.com
T 6finabg.myortj.com
T 6secbg.6gjy25.com
T 6secbg.vrzsl2.com
T 6sitebg.6z0dv1.com
T 6sitebg.95lidt.com
T 6sitebg.myortj.com
T 7fwbg.e9gncm.com
T 7fwbg.ea0inq.com
T 7secbg.g5bhkd.com
T 7secbg.ojrbvn.com
T 7zdbg.e9gncm.com
T 7zdbg.ea0inq.com
T 8finabg.jwhqm.com
T 8finabg.n8of4x.com
T 8finabg.p4qee2.com
T 8sitebg.jwhqm.com
T 8sitebg.n8of4x.com
T 8sitebg.p4qee2.com
T 9finabg.abcc5bxg.com
T 9finabg.abcc6jpr.com
T 9finabg.abcc9vgw.com
T 9secbg.8ba4s9.com
T 9secbg.zbl5gg.com
T 9sitebg.abcbuxjv.com
T 9sitebg.abcbyv8y.com
T 9sitebg.abcc3g53.com
T admin.abcq8001.com
T admin.aiyouxi79.com
T admin.tx3wly2.com
T admin3.szdw8n36.com
T api.4gy48l.com
T api.abc63tvu.com
T api.abcelpqf.com
T api.abckil9v.com
T api.csfwv3.com
T api.e33hxp.com
T api.fedehd.com
T api.fwku1n.com
T api.i8s0h.com
T api.jiantxnewapibac.com
T api.qwehvnam8.com
T api.z458pj.com
T api.zcyhi.com
T apilist.tronscan.org
T b1suske.008yec.com
T b2suske.011f7g.com
T b3suske.03indo.com
T c5hr.baofengjixie.com
T c5rh.nms678.com
T ch5e.wwwssjy.com
T ch5r.315liangyou.com
T chr5.0o4v.com
T dcapi.abcio0e3.com
T dcapi.abciso7n.com
T dcapi.abciszpw.com
T fdadmin.3pd8n.com
T fdadmin.abc7i6wz.com
T fdadmin.abcf0tr9.com
T fdadmin.abcq8001.com
T fdadmin.o8ycc6.com
T fdadmin.ywsxp.com
T firstsp1mrt.kdyynx.com
T firstsp2mrt.s03yu8.com
T grpc.trongrid.io
T hao123.jtzzt7.com
T hao123.m70as3.com
T jp.pool.ntp.org
T mainnet.infura.io
T outapi.abcdmtsy2.com
T pe-pro-uploadsrv-slb-7e4f08252407e480.elb.ap-east-1.amazonaws.com
T pre-adminserver.qwe3c604r.com
T pre-adminserver.sstjxbb.com
T registry.k8s.io
T service5.rspread.net
T siteadmin.3pd8n.com
T siteadmin.abc7i6wz.com
T siteadmin.abcf0tr9.com
T siteadmin.o8ycc6.com
T siteadmin.ywsxp.com
T sp4mrt.abcpawjos.com
T sp5mrt.edwly1.com
T www.bandao200.com
T www.guty7.com
T y1-finance-admin.aiyouxi79.com
T y1admin.holfsdo8.com
T y2-finance-admin.tx3wly2.com
T y3-finance-admin.szdw8n36.com
T y8-uat-admin.abc9by6pt.com
D 0sym.r7abqbma.com
D 7finabg.8dgq4r.vip
D 7sitebg.8i7d6x.vip
D 8finabg.8dilyw.vip
D 8sitebg.8ic3c1.vip
D 9finabg.8djbhk.vip
D 9sitebg.8icuc4.vip
D api.px5ws.cm
D byuatopenapi.by100.siteobject
D c5rh.huncool.com
D djyoapi.merchantapi06.com
D ma2g6.k5lhcnhe.com
D monorepo-production-edge-alb-985829473.us-east-1.elb.amazonaws.com
D p3-pro-callback-proxy-slb-202735c31454eab0.elb.ap-east-1.amazonaws.com
D report-admin.2019luckygo.com
D v1y8r.r5nw9i7i.com
D v3uu8.zoyt9f8b.com
T api.jiantx-lan.com
T api.jiantxnewapiab.com
T api.jiantxnewapidc.com
T api.skgtx-lan.com
T api.xyz7477.com
T api.ybcppankou1.com
T aws-hk-pf-chatroomsv-pro-slb-c6ac97a6e0992d86.elb.ap-east-1.amazonaws.com
T bw.merchantapi03.com
T cehr10.qwearx9u.com
T cehr10.qweb53b4.com
T cehr9.abc760t2.com
T ch6e.fsst0e.com
T che6.qc8idp.com
T cisco.com
T djbw.merchantapi08.com
T imone-yb3-report.imaegisapi.com
T jtxpay.1y867.com
T jtxpay.85acv.com
T jtxpay.8zktk.com
T jtxpay.hwpz2.com
T jtxpay.lz0ix.com
T jtxpay.m4swv.com
T jtxpay.ruckg.com
T jtxpay.t21g2.com
T jtxpay1.6qzpk.com
T jtxpay2.cj7kb.com
T jtxpay3.o19k3.com
T k9-pro-uploadsrv-slb-0d6c2cf0b300cc38.elb.ap-east-1.amazonaws.com
T n1api.trarot.com
T ob.api.hls87.cc
T pf-uploadsrv-slb-f7f3aba6b8f3a2f8.elb.ap-east-1.amazonaws.com
T skt043001-esapi.bangkag.site
T static.146u604.com
T static.24v6h.com
T static.752faka.com
T static.gdzz0y.com
T static.ts9myx.com
T xe.gdcapi.com
T xj.gdcapi.com
T yb3-sfsbws.imapi.net
D api-tw.ppslot001.net
D jtxpay.6le35.com
D jtxpay.ymn6a.com
S chat.au819i.com
S flygram.im
S kioskpublicapi.88shared.com
T agent-bob-ugsapi.nbx-games.com
T api-jugaminga12.k2net.io
T api-tw.ppgames.net
T api.3ruvxy.com
T api.i9js01.com
T api.next.77976kd.com
T api.twwalletapigatewayab.com
T api.twwalletapigatewayac.com
T api.twwalletapigatewaybc.com
T bandao.vrbetapi.com
T bob-esapi.bangkag.site
T bob-report-xconnect.imaegisapi.com
T bob-rpt-esapi.bangkag.site
T bob-scdvg.imapi.net
T bob-sfsbws.imapi.net
T bob-xconnect.imaegisapi.com
T bob.api.hls87.cc
T bob.merchantapi05.com
T bob.record.hls87.cc
T bowb-163.wmapi99.com
T c4hbt.qwedh5d1m.com
T callback.xjcallback1.com
T chess-uat-merchant-api.abc9by6pt.com
T chrp4.eqlgcmb.com
T chrp4.fendicaffe.com
T chrp4.fnqgd70.com
T coderep.qwejnl0j.com
T connect6play.com
T d49fks-meursault.imapi.net
T data.magpiebridgefd.com
T data.magpiebridgesdjilh.com
T djbobpull.merchantapi10.com
T djpull.i9js01.com
T djtianbo.merchantapi10.com
T dyopenapi.uadkgy.com
T edm.abc7ga7k.com
T edm02.abc7ga7k.com
T esports.sdxftt.com
T fdbf147.skgtxnewapifetc.com
T fdcallback-uat.qwe3c604r.com
T fdcallback.abc0ykqxb.com
T fdxinjie.201349huizai.jiantxnewapilmhd.com
T gateway.dbsportxxx6mi.com
T gateway.dbsportxxx76e.com
T gi.aksrzp.com
T h5.kkyh7m.com
T imone-bob.imaegisapi.com
T ivs.cn-north-4.myhuaweicloud.com
T m.pgnojk.com
T newcallback.qwehwmqg5.com
T newdaifu.hbn4ybi.com
T newdaifu.wspq7yc.com
T newdaifu.zfk4mzu.com
T newpays.42uz79.com
T newpays.gslqbli.com
T newpays.gxpzmuk.com
T newpays.h65hyq2.com
T opensdk.bihootech.com
T p1-backendstatic-pro.s3.ap-east-1.amazonaws.com
T pre-pay.qwe3c604r.com
T pull.i9js01.com
T registry.yarnpkg.com
T s3static.1ayuv0nr.com
T s3static.5d03b0h9.com
T s3static.5ypgy1b.com
T s3static.91oao9l.com
T s3static.bc7cqby.com
T s3static.chaojizhu.com
T s3static.junhekh.com
T s3static.qz7t9nmc.com
T shorturl.qwebusui.com
T sl06.trarot.com
T smidcardcheck.apistore.huaweicloud.com
T static.bpa7g4.com
T sts-jugaminga12.k2net.io
T tcg.qweuuib0.com
T tradeapi.ssa68tb5.com
T wallet-api.ebpay.org
T wallet-api.yibifu.net
T web.kkyh7m.com
T webapi2.qweje9z2.com
T www.haoshudi.com
T www.y5jur.com
T xfat-api.fbnma.com
D api.a0163.ccghgeews.com
D api.ksdj002.com
D api.tmg777.com
D bobeb.ebet.im
D bowb-163.wmapi88.com
D chrp4.ee0thvp.com
D chrp4.f7cso7f.com
D d7579b.reb231.com
D entityapi.mobyplace.com
D gd.gfgjklpiu.com
D gi.dsfhgfuyh.com
D sp4mrt.9mkp7j.com
D static.fwb875y.com
S payment.zsagepay.com
S 96low.com
S api.larmoqq.cn
S yyfgooda.cn
S ht-api.n20f38.com
S pay.jmtvip.cn
T download.chongduanmf.com
T download.wap0431.com
T download.zojnhg996.com
T download.zqslzp888.com
T houtu-uat.h5kf5kx3.com
S gate.aospay.cn
S report.ul68qh.com
S ch0e.hzp531.com
S gd.yabotiyu.com
S report.c593xw.com
S merchant-api.sportxxx278gwf4.com
S pay16c.q8x27.com
