开始连接到 Network-jswl(jswl)@10.80.88.254  0.0


P4-OOB-DS01-C9300-JPIDC#show runn
P4-OOB-DS01-C9300-JPIDC#show running-config 
Building configuration...

Current configuration : 20268 bytes
!
! Last configuration change at 13:28:44 UTC Wed Nov 12 2025 by jswl
! NVRAM config last updated at 13:28:53 UTC Wed Nov 12 2025 by jswl
!
version 17.6
service timestamps debug datetime localtime
service timestamps log datetime localtime
service call-home
platform punt-keepalive disable-kernel-core
!
hostname P4-OOB-DS01-C9300-JPIDC
!
!
vrf definition Mgmt-vrf
 !
 address-family ipv4
 exit-address-family
 !
 address-family ipv6
 exit-address-family
!
no logging rate-limit
no logging console
!
no aaa new-model
boot system switch all flash:/packages.conf
clock timezone UTC 8 0
switch 1 provision c9300-48t
!
!
!
!
ip routing
!
no ip domain lookup
!
!
!
login on-success log
!
!
!
!         
!
!
!
!
!
crypto pki trustpoint TP-self-signed-1062176705
 enrollment selfsigned
 subject-name cn=IOS-Self-Signed-Certificate-1062176705
 revocation-check none
 rsakeypair TP-self-signed-1062176705
!
crypto pki trustpoint SLA-TrustPoint
 enrollment pkcs12
 revocation-check crl
!
!
crypto pki certificate chain TP-self-signed-1062176705
 certificate self-signed 01
  30820330 30820218 A0030201 02020101 300D0609 2A864886 F70D0101 05050030 
  31312F30 2D060355 04031326 494F532D 53656C66 2D536967 6E65642D 43657274 
  69666963 6174652D 31303632 31373637 3035301E 170D3234 30323239 30383137 
  35365A17 0D333430 32323830 38313735 365A3031 312F302D 06035504 03132649 
  4F532D53 656C662D 5369676E 65642D43 65727469 66696361 74652D31 30363231 
  37363730 35308201 22300D06 092A8648 86F70D01 01010500 0382010F 00308201 
  0A028201 0100DC22 4FDD26D3 EB4D6DAF FEAC8982 38AD9F90 E31E580D B0F59B43 
  19DC39AE 6F90AB75 9B618824 F8233D66 9F870E04 41B728A0 2D67FD45 8B71426A 
  968CBAA5 8B5DCE84 0301261E 2F0013DA E16A95AE 2594ADE0 9D6A9EA3 99D1FABB 
  3D81DF20 8341C855 5262C152 726BF39C B8125274 B578A843 2EC377A0 40EA5019 
  8C2F6F0F 00373DBE 3D6FDE2F 04F3FD29 AACC862C 21D642A2 CEA3C88C 476527D8 
  3E5617AC 24EC7660 1A9ECD25 DF05EF0A B8CFF3A0 24B3DD11 3C55D40C 46F9BC50 
  627707DE 7298F93A 2A12554E 4C0975D9 9F0B5008 91624D55 47978EB3 93202672 
  DFB49DCB C90B6604 8873C726 A273BC0F 036C7D3C 5AB7F27B 878300C9 81AAA7FE 
  B37AEB48 7E930203 010001A3 53305130 0F060355 1D130101 FF040530 030101FF 
  301F0603 551D2304 18301680 14289806 1B6C5F35 9F2B0858 A1DC7B79 FD699098 
  3B301D06 03551D0E 04160414 2898061B 6C5F359F 2B0858A1 DC7B79FD 6990983B 
  300D0609 2A864886 F70D0101 05050003 82010100 A0265B45 07DA0317 15D9643A 
  F26F4218 AE88FB89 4FC0099A B05C1C9B 628F11AE CC8E9534 AA9A4ED0 718C0867 
  82C2A891 7F5A188D B2D2BED3 1B39C3DD 15B407DA 287E388D A893D051 DF68A5BC 
  4E880B7A 85E3FB75 0940B5C7 9E79E6F1 4DC8E945 48354FD5 67821D31 2F22BD6E 
  F286EC8B 49D621B2 03762628 77BCF30E BDE227E8 73C89464 9A313FC8 4E452619 
  79B15D10 9BAD5CF3 6B54C4A7 3283B8E0 6C33D6C9 34636509 7BE5AFB6 024C1EA9 
  719355B8 8D75644E 883783F8 FFC5CF76 8FFB869F 3CFC5C05 A5D7080B C98C668F 
  4AF5739D 5433E62C D6166AB4 460F0EB1 4CB5729C C3524D68 BB802FFF A39E3F6C 
  4C178CA0 5C71ADBC 50D087B7 735BC841 1C083DCC
        quit
crypto pki certificate chain SLA-TrustPoint
 certificate ca 01
  30820321 30820209 A0030201 02020101 300D0609 2A864886 F70D0101 0B050030 
  32310E30 0C060355 040A1305 43697363 6F312030 1E060355 04031317 43697363 
  6F204C69 63656E73 696E6720 526F6F74 20434130 1E170D31 33303533 30313934 
  3834375A 170D3338 30353330 31393438 34375A30 32310E30 0C060355 040A1305 
  43697363 6F312030 1E060355 04031317 43697363 6F204C69 63656E73 696E6720 
  526F6F74 20434130 82012230 0D06092A 864886F7 0D010101 05000382 010F0030 
  82010A02 82010100 A6BCBD96 131E05F7 145EA72C 2CD686E6 17222EA1 F1EFF64D 
  CBB4C798 212AA147 C655D8D7 9471380D 8711441E 1AAF071A 9CAE6388 8A38E520 
  1C394D78 462EF239 C659F715 B98C0A59 5BBB5CBD 0CFEBEA3 700A8BF7 D8F256EE 
  4AA4E80D DB6FD1C9 60B1FD18 FFC69C96 6FA68957 A2617DE7 104FDC5F EA2956AC 
  7390A3EB 2B5436AD C847A2C5 DAB553EB 69A9A535 58E9F3E3 C0BD23CF 58BD7188 
  68E69491 20F320E7 948E71D7 AE3BCC84 F10684C7 4BC8E00F 539BA42B 42C68BB7 
  C7479096 B4CB2D62 EA2F505D C7B062A4 6811D95B E8250FC4 5D5D5FB8 8F27D191 
  C55F0D76 61F9A4CD 3D992327 A8BB03BD 4E6D7069 7CBADF8B DF5F4368 95135E44 
  DFC7C6CF 04DD7FD1 02030100 01A34230 40300E06 03551D0F 0101FF04 04030201 
  06300F06 03551D13 0101FF04 05300301 01FF301D 0603551D 0E041604 1449DC85 
  4B3D31E5 1B3E6A17 606AF333 3D3B4C73 E8300D06 092A8648 86F70D01 010B0500 
  03820101 00507F24 D3932A66 86025D9F E838AE5C 6D4DF6B0 49631C78 240DA905 
  604EDCDE FF4FED2B 77FC460E CD636FDB DD44681E 3A5673AB 9093D3B1 6C9E3D8B 
  D98987BF E40CBD9E 1AECA0C2 2189BB5C 8FA85686 CD98B646 5575B146 8DFC66A8 
  467A3DF4 4D565700 6ADF0F0D CF835015 3C04FF7C 21E878AC 11BA9CD2 55A9232C 
  7CA7B7E6 C1AF74F6 152E99B7 B1FCF9BB E973DE7F 5BDDEB86 C71E3B49 1765308B 
  5FB0DA06 B92AFE7F 494E8A9E 07B85737 F3A58BE1 1A48A229 C37C1E69 39F08678 
  80DDCD16 D6BACECA EEBC7CF9 8428787B 35202CDC 60E4616A B623CDBD 230E3AFB 
  418616A9 4093E049 4D10AB75 27E86F73 932E35B5 8862FDAE 0275156F 719BB2F0 
  D697DF7F 28
        quit
!
!
port-channel load-balance src-dst-mixed-ip-port
license boot level network-advantage
license smart reservation
license smart transport off
!
!
diagnostic bootup level minimal
!
spanning-tree mode rapid-pvst
spanning-tree extend system-id
memory free low-watermark processor 131688
!         
username jswl privilege 15 secret 9 $9$4ucLmum0.6NXF.$UT0UZKSftBvobUCFiRvis9vdqBZiiqUgjIT65ue5Kso
!
redundancy
 mode sso
!
!
!
!
!
!
transceiver type all
 monitoring
!
!
class-map match-any system-cpp-police-ewlc-control
  description EWLC Control 
class-map match-any system-cpp-police-topology-control
  description Topology control
class-map match-any system-cpp-police-sw-forward
  description Sw forwarding, L2 LVX data packets, LOGGING, Transit Traffic
class-map match-any system-cpp-default
  description EWLC Data, Inter FED Traffic 
class-map match-any system-cpp-police-sys-data
  description Openflow, Exception, EGR Exception, NFL Sampled Data, RPF Failed
class-map match-any system-cpp-police-punt-webauth
  description Punt Webauth
class-map match-any system-cpp-police-l2lvx-control
  description L2 LVX control packets
class-map match-any system-cpp-police-forus
  description Forus Address resolution and Forus traffic
class-map match-any system-cpp-police-multicast-end-station
  description MCAST END STATION
class-map match-any system-cpp-police-high-rate-app
  description High Rate Applications 
class-map match-any system-cpp-police-multicast
  description MCAST Data
class-map match-any system-cpp-police-l2-control
  description L2 control
class-map match-any system-cpp-police-dot1x-auth
  description DOT1X Auth
class-map match-any system-cpp-police-data
  description ICMP redirect, ICMP_GEN and BROADCAST
class-map match-any system-cpp-police-stackwise-virt-control
  description Stackwise Virtual OOB
class-map match-any non-client-nrt-class
class-map match-any system-cpp-police-routing-control
  description Routing control and Low Latency
class-map match-any system-cpp-police-protocol-snooping
  description Protocol snooping
class-map match-any system-cpp-police-dhcp-snooping
  description DHCP snooping
class-map match-any system-cpp-police-ios-routing
  description L2 control, Topology control, Routing control, Low Latency
class-map match-any system-cpp-police-system-critical
  description System Critical and Gold Pkt
class-map match-any system-cpp-police-ios-feature
  description ICMPGEN,BROADCAST,ICMP,L2LVXCntrl,ProtoSnoop,PuntWebauth,MCASTData,Transit,DOT1XAuth,Swfwd,LOGGING,L2LVXData,ForusTraffic,ForusARP,McastEndStn,Openflow,Exception,EGRExcption,NflSampled,RpfFailed
!
policy-map system-cpp-policy
!
! 
!
!
!
!
!
!
!
!
!
!
interface Port-channel6
 description TO P4-CS01&02-N9K-JPIDC-PC6
 no switchport
 ip address 10.80.10.25 255.255.255.248
!
interface GigabitEthernet0/0
 vrf forwarding Mgmt-vrf
 no ip address
 shutdown
 negotiation auto
!
interface GigabitEthernet1/0/1
 description TO P4-OOB-As01-C2960-JPIDC-Gig1/0/48
 switchport mode trunk
!
interface GigabitEthernet1/0/2
 description TO P4-OOB-As02-C2960-JPIDC-Gig1/0/48
 switchport mode trunk
!
interface GigabitEthernet1/0/3
 description TO P4-OOB-As03-C2960-JPIDC-Gig1/0/48
 switchport mode trunk
!
interface GigabitEthernet1/0/4
 description TO P4-OOB-As04-C2960-JPIDC-Gig1/0/48
 switchport mode trunk
!
interface GigabitEthernet1/0/5
 description TO P4-OOB-As05-C2960-JPIDC-Gig1/0/48
 switchport mode trunk
!
interface GigabitEthernet1/0/6
 description TO P4-OOB-As06-C2960-JPIDC-Gig1/0/48
 switchport mode trunk
!
interface GigabitEthernet1/0/7
 switchport mode trunk
 shutdown
!
interface GigabitEthernet1/0/8
 description TO P4-OOB-As08-C9200L-JPIDC-Gig1/0/48
 switchport mode trunk
!
interface GigabitEthernet1/0/9
 description TO P4-OOB-As09-C9200L-JPIDC-Gig1/0/48
 switchport mode trunk
!
interface GigabitEthernet1/0/10
 switchport mode trunk
 shutdown
!
interface GigabitEthernet1/0/11
 description TO P4-BGP-As01-C9300-JPIDC-Gig0/0
 switchport access vlan 88
 switchport mode access
 spanning-tree portfast
!
interface GigabitEthernet1/0/12
 description TO P4-BGP-As02-C9300-JPIDC-Gig0/0
 switchport access vlan 88
 switchport mode access
 spanning-tree portfast
!
interface GigabitEthernet1/0/13
 description TO P4-FXOS-01-JPIDC-MGMT
 switchport access vlan 88
 switchport mode access
 spanning-tree portfast
!
interface GigabitEthernet1/0/14
 description TO P4-FW01-FRP4112-JPIDC-Eth1/8
 switchport access vlan 88
 switchport mode access
 spanning-tree portfast
!
interface GigabitEthernet1/0/15
 description TO P4-FXOS-02-JPIDC-MGMT
 switchport access vlan 88
 switchport mode access
 spanning-tree portfast
!
interface GigabitEthernet1/0/16
 description TO P4-FW02-FRP4112-JPIDC-Eth1/8
 switchport access vlan 88
 switchport mode access
 spanning-tree portfast
!
interface GigabitEthernet1/0/17
 description TO P4-CS01-N9K-JPIDC-mgmt0
 switchport access vlan 88
 switchport mode access
 spanning-tree portfast
!
interface GigabitEthernet1/0/18
 description TO P4-CS02-N9K-JPIDC-mgmt0
 switchport access vlan 88
 switchport mode access
 spanning-tree portfast
!
interface GigabitEthernet1/0/19
 description TO P4-Link-As01-C9300-JPIDC-Gig0/0
 switchport access vlan 88
 switchport mode access
 spanning-tree portfast
!
interface GigabitEthernet1/0/20
 description TO P4-Link-As02-C9300-JPIDC-Gig0/0
 switchport access vlan 88
 switchport mode access
 spanning-tree portfast
!
interface GigabitEthernet1/0/21
 description TO P4-F501-JPIDC-MGMT
 switchport access vlan 155
 switchport mode access
 spanning-tree portfast
!
interface GigabitEthernet1/0/22
 description TO P4-F502-JPIDC-MGMT
 switchport access vlan 155
 switchport mode access
 spanning-tree portfast
!
interface GigabitEthernet1/0/23
 description TO P4-Sniffer01-FG1801F-JPIDC-MGMT1-CSN9K-TrafficMonitor
 switchport access vlan 88
 switchport mode access
 spanning-tree portfast
!
interface GigabitEthernet1/0/24
 description TO P4-Sniffer02-FG1801F-JPIDC-MGMT1-BGPC93-TrafficMonitor
 switchport access vlan 88
 switchport mode access
 spanning-tree portfast
!
interface GigabitEthernet1/0/25
 description TO IDRAC-80.88.30-SR650-MGMT-IDC-USE
 switchport access vlan 88
 switchport mode access
 spanning-tree portfast
!
interface GigabitEthernet1/0/26
 description TO IDRAC-80.88.30-SR650-LAN0-IDC-USE-ESXI-10.80.88.31
 switchport access vlan 88
 switchport mode access
 spanning-tree portfast
!
interface GigabitEthernet1/0/27
 description TO IDRAC-80.88.30-SR650-LAN3-IDC-USE-STORAGE
 switchport access vlan 153
 switchport mode access
 spanning-tree portfast
!
interface GigabitEthernet1/0/28
 switchport access vlan 88
 switchport mode access
 shutdown
 spanning-tree portfast
!
interface GigabitEthernet1/0/29
 description TO P4-CS03-N9K-JPIDC-mgmt0
 switchport access vlan 88
 switchport mode access
 spanning-tree portfast
!
interface GigabitEthernet1/0/30
 description TO P4-CS04-N9K-JPIDC-mgmt0
 switchport access vlan 88
 switchport mode access
 spanning-tree portfast
!
interface GigabitEthernet1/0/31
 description TO Backup-P4-F503-JPIDC-MGMT
 switchport access vlan 88
 switchport mode access
 spanning-tree portfast
!
interface GigabitEthernet1/0/32
 description TO Backup-P4-FXOS-01-JPIDC-MGMT
 switchport access vlan 88
 switchport mode access
 spanning-tree portfast
!
interface GigabitEthernet1/0/33
 description TO Backup-P4-FW01-FRP4112-JPIDC-Eth1/8
 switchport access vlan 88
 switchport mode access
 spanning-tree portfast
!
interface GigabitEthernet1/0/34
 description TO Backup-P4-CS01-N9K-JPIDC-mgmt0
 switchport access vlan 88
 switchport mode access
 spanning-tree portfast
!
interface GigabitEthernet1/0/35
 switchport access vlan 88
 switchport mode access
 shutdown
 spanning-tree portfast
!
interface GigabitEthernet1/0/36
 switchport access vlan 88
 switchport mode access
 shutdown
 spanning-tree portfast
!
interface GigabitEthernet1/0/37
 switchport access vlan 88
 switchport mode access
 spanning-tree portfast
!
interface GigabitEthernet1/0/38
 switchport access vlan 88
 switchport mode access
 shutdown
 spanning-tree portfast
!
interface GigabitEthernet1/0/39
 switchport access vlan 88
 switchport mode access
 shutdown
 spanning-tree portfast
!
interface GigabitEthernet1/0/40
 switchport access vlan 153
 switchport mode access
 spanning-tree portfast
!
interface GigabitEthernet1/0/41
 switchport access vlan 88
 switchport mode access
 shutdown
 spanning-tree portfast
!
interface GigabitEthernet1/0/42
 switchport access vlan 88
 switchport mode access
 shutdown
 spanning-tree portfast
!
interface GigabitEthernet1/0/43
 switchport access vlan 88
 switchport mode access
 shutdown
 spanning-tree portfast
!
interface GigabitEthernet1/0/44
 switchport access vlan 88
 switchport mode access
 shutdown
 spanning-tree portfast
!
interface GigabitEthernet1/0/45
 switchport access vlan 88
 switchport mode access
 shutdown
 spanning-tree portfast
!
interface GigabitEthernet1/0/46
 switchport access vlan 88
 switchport mode access
 shutdown
 spanning-tree portfast
!
interface GigabitEthernet1/0/47
 description TO P4-OOB-ISR4331-JPIDC-Gig0
 switchport access vlan 88
 switchport mode access
 spanning-tree portfast
!
interface GigabitEthernet1/0/48
 description TO P4-OOB-ISR4331-JPIDC-Gig0/0/1
 no switchport
 ip address 10.80.10.246 255.255.255.248
 ip access-group IDCInside-TO-Internet out
!
interface GigabitEthernet1/1/1
 shutdown
!         
interface GigabitEthernet1/1/2
 shutdown
!
interface GigabitEthernet1/1/3
 shutdown
!
interface GigabitEthernet1/1/4
 shutdown
!
interface TenGigabitEthernet1/1/1
 description TO P4-CS01-N9K-JPIDC-Eth1/36
 no switchport
 no ip address
 channel-group 6 mode active
!
interface TenGigabitEthernet1/1/2
 description TO P4-CS02-N9K-JPIDC-Eth1/36
 no switchport
 no ip address
 channel-group 6 mode active
!
interface TenGigabitEthernet1/1/3
 shutdown
!
interface TenGigabitEthernet1/1/4
 shutdown
!
interface TenGigabitEthernet1/1/5
 shutdown
!
interface TenGigabitEthernet1/1/6
 shutdown
!
interface TenGigabitEthernet1/1/7
 description TO P4-OOB-As07-C2960-JPIDC-Gig1/0/49
 switchport mode trunk
!
interface TenGigabitEthernet1/1/8
 shutdown
!
interface FortyGigabitEthernet1/1/1
 shutdown
!
interface FortyGigabitEthernet1/1/2
 shutdown
!
interface TwentyFiveGigE1/1/1
 shutdown
!
interface TwentyFiveGigE1/1/2
 shutdown
!
interface AppGigabitEthernet1/0/1
!
interface Vlan1
 no ip address
 shutdown
!
interface Vlan15
 ip address 10.80.150.254 255.255.255.0 secondary
 ip address 10.80.15.254 255.255.255.0
 ip access-group VLAN15-ACL in
!
interface Vlan88
 ip address 10.80.88.254 255.255.255.0
 ip access-group VLAN88-ACL in
!
interface Vlan151
 ip address 10.80.151.254 255.255.255.0
 ip access-group VLAN151-ACL in
!
interface Vlan152
 ip address 10.80.152.254 255.255.255.0
 ip access-group VLAN152-ACL in
!
interface Vlan153
 ip address 10.80.153.254 255.255.255.0
 ip access-group VLAN153-ACL in
!
interface Vlan154
 ip address 10.80.154.254 255.255.255.0
 ip access-group VLAN154-ACL in
!
interface Vlan155
 ip address 10.80.155.254 255.255.255.0
 ip access-group VLAN155-ACL in
!
interface Vlan156
 ip address 10.80.156.254 255.255.255.0
 ip access-group VLAN156-ACL in
!
ip forward-protocol nd
no ip http server
no ip http secure-server
ip route 0.0.0.0 0.0.0.0 10.80.10.245 5
ip route 10.80.62.10 255.255.255.255 10.80.10.26
ip route 10.80.62.32 255.255.255.254 10.80.10.26 name P2-N9K-Windows
ip route 10.80.62.32 255.255.255.255 10.80.10.26 name P2-N9K-Windows
ip route 10.80.108.60 255.255.255.255 10.80.10.26
ip route 172.16.113.247 255.255.255.255 10.80.10.26 name BTW-ZABBIX
ip ssh version 2
!
!
ip access-list extended IDCInside-TO-Internet
 10 permit icmp any any log
 20 permit udp any any eq ntp log
 30 permit udp any any eq domain log
 40 permit ip 10.80.88.0 0.0.0.255 any log
 50 permit ip host 10.80.155.243 any log
 60 permit ip host 10.80.155.244 any log
ip access-list extended VLAN15-ACL
 10 permit icmp any any log
 20 permit udp any any eq ntp log
 30 permit udp any any eq domain log
 40 permit ip any host 10.80.88.34 log
 50 permit tcp 10.80.150.0 0.0.0.255 eq www 443 5900 10.80.62.32 0.0.0.1 log
 60 permit udp 10.80.150.0 0.0.0.255 eq snmp 10.80.62.8 0.0.0.7
ip access-list extended VLAN151-ACL
 10 permit icmp any any log
 20 permit udp any any eq ntp log
 30 permit udp any any eq domain log
 40 permit tcp 10.80.151.0 0.0.0.255 eq www 443 5900 10.80.62.32 0.0.0.1 log
 50 permit udp 10.80.151.0 0.0.0.255 eq snmp 10.80.62.8 0.0.0.7
ip access-list extended VLAN152-ACL
 10 permit icmp any any log
 20 permit udp any any eq ntp log
 30 permit udp any any eq domain log
 40 permit tcp 10.80.152.0 0.0.0.255 eq www 443 5900 10.80.62.32 0.0.0.1 log
 50 permit udp 10.80.152.0 0.0.0.255 eq snmp 10.80.62.8 0.0.0.7
ip access-list extended VLAN153-ACL
 10 permit icmp any any log
 20 permit udp any any eq ntp log
 30 permit udp any any eq domain log
 40 permit tcp 10.80.153.0 0.0.0.255 eq www 443 5900 10.80.62.32 0.0.0.1 log
 50 permit udp 10.80.153.0 0.0.0.255 eq snmp 10.80.62.8 0.0.0.7
 60 permit ip 10.80.153.0 0.0.0.255 host 10.80.88.36 log
 70 permit tcp 10.80.153.240 0.0.0.15 eq 22 www 443 3033 host 10.80.88.35 log
ip access-list extended VLAN154-ACL
 10 permit icmp any any
 20 permit udp any any eq ntp
 30 permit udp any any eq domain
 40 permit tcp 10.80.154.0 0.0.0.255 eq www 443 5900 10.80.62.32 0.0.0.1
 50 permit udp 10.80.154.0 0.0.0.255 eq snmp 10.80.62.8 0.0.0.7
ip access-list extended VLAN155-ACL
 10 permit icmp any any log
 20 permit udp any any eq ntp log
 30 permit udp any any eq domain log
 40 permit tcp 10.80.155.0 0.0.0.255 eq www 443 10.80.62.32 0.0.0.1 log
 50 permit udp 10.80.155.0 0.0.0.255 eq snmp 10.80.62.8 0.0.0.7
 60 permit tcp 10.80.155.0 0.0.0.255 eq www 443 host 10.80.108.60 log
ip access-list extended VLAN156-ACL
 10 permit icmp any any
 20 permit udp any any eq ntp
 30 permit udp any any eq domain
 40 permit tcp 10.80.156.0 0.0.0.255 eq www 443 5900 10.80.62.32 0.0.0.1
 50 permit udp 10.80.156.0 0.0.0.255 eq snmp 10.80.62.8 0.0.0.7
ip access-list extended VLAN88-ACL
 10 permit icmp any any log
 20 permit udp any any eq ntp log
 30 permit udp any any eq domain log
 40 permit ip host 10.80.88.32 any log
 50 permit ip host 10.80.88.33 any log
 60 permit tcp host 10.80.88.34 host 10.80.88.254 eq 22 log
 70 permit ip host 10.80.88.36 10.80.153.0 0.0.0.255 log
 80 permit tcp host 10.80.88.35 10.80.153.240 0.0.0.15 eq 22 www 443 3033 log
 90 permit tcp host 10.80.88.35 host 172.16.113.247 eq www 443 log
ip access-list extended vty-access-IP
 10 permit tcp host 10.80.88.32 any eq 22 log
 20 permit tcp host 10.80.88.34 any eq 22 log
 30 permit tcp host 10.80.88.36 any eq 22 log
!
!
!
snmp-server community IDC@SNMP RO
!
control-plane
 service-policy input system-cpp-policy
!
!
line con 0
 login local
 stopbits 1
line vty 0 4
 access-class vty-access-IP in
 login local
 transport input ssh
line vty 5 31
 access-class vty-access-IP in
 login local
 transport input ssh
!
call-home
 ! If contact email address in call-home is configured as sch-smart-licensing@cisco.com
 ! the email address configured in Cisco Smart License Portal will be used as contact email address to send SCH notifications.
 contact-email-addr sch-smart-licensing@cisco.com
 profile "CiscoTAC-1"
  active
  destination transport-method http
ntp server 10.80.88.33 source Vlan88
!
!
!
!
!
end

P4-OOB-DS01-C9300-JPIDC#              