! Last configuration change at 20:20:53 UTC Sun Mar 9 2025 by jswl
! NVRAM config last updated at 20:20:54 UTC Sun Mar 9 2025 by jswl
!
version 17.3
service timestamps debug datetime localtime
service timestamps log datetime localtime
service call-home
platform punt-keepalive disable-kernel-core
!
hostname P4-BGP-As02-C9300-JPIDC
!
!
vrf definition Mgmt-vrf
 !
 address-family ipv4
 exit-address-family
 !
 address-family ipv6
 exit-address-family
!
enable secret 9 $9$9gZcc9ocy59oqE$y5AqYlZUHSPLXDemyAG0YHUoYjRGLGN3HOAbLnwwRQ6
!
no aaa new-model
clock timezone UTC 8 0
switch 1 provision c9300-24t
!
!
!
!
ip routing
!
ip name-server 8.8.8.8
ip domain name cisco.com
!
!
!
login on-success log
!         
!
!
!
!
!
!
no device-tracking logging theft
!
crypto pki trustpoint SLA-TrustPoint
 enrollment pkcs12
 revocation-check crl
!
crypto pki trustpoint TP-self-signed-4091293220
 enrollment selfsigned
 subject-name cn=IOS-Self-Signed-Certificate-4091293220
 revocation-check none
 rsakeypair TP-self-signed-4091293220
!
!
crypto pki certificate chain SLA-TrustPoint
 certificate ca 01
  30820321 30820209 A0030201 02020101 300D0609 2A864886 F70D0101 0B050030 
  32310E30 0C060355 040A1305 43697363 6F312030 1E060355 04031317 43697363 
  6F204C69 63656E73 696E6720 526F6F74 20434130 1E170D31 33303533 30313934 
  3834375A 170D3338 30353330 31393438 34375A30 32310E30 0C060355 040A1305 
  43697363 6F312030 1E060355 04031317 43697363 6F204C69 63656E73 696E6720 
  526F6F74 20434130 82012230 0D06092A 864886F7 0D010101 05000382 010F0030 
  82010A02 82010100 A6BCBD96 131E05F7 145EA72C 2CD686E6 17222EA1 F1EFF64D 
  CBB4C798 212AA147 C655D8D7 9471380D 8711441E 1AAF071A 9CAE6388 8A38E520 
  1C394D78 462EF239 C659F715 B98C0A59 5BBB5CBD 0CFEBEA3 700A8BF7 D8F256EE 
  4AA4E80D DB6FD1C9 60B1FD18 FFC69C96 6FA68957 A2617DE7 104FDC5F EA2956AC 
  7390A3EB 2B5436AD C847A2C5 DAB553EB 69A9A535 58E9F3E3 C0BD23CF 58BD7188 
  68E69491 20F320E7 948E71D7 AE3BCC84 F10684C7 4BC8E00F 539BA42B 42C68BB7 
  C7479096 B4CB2D62 EA2F505D C7B062A4 6811D95B E8250FC4 5D5D5FB8 8F27D191 
  C55F0D76 61F9A4CD 3D992327 A8BB03BD 4E6D7069 7CBADF8B DF5F4368 95135E44 
  DFC7C6CF 04DD7FD1 02030100 01A34230 40300E06 03551D0F 0101FF04 04030201 
  06300F06 03551D13 0101FF04 05300301 01FF301D 0603551D 0E041604 1449DC85 
  4B3D31E5 1B3E6A17 606AF333 3D3B4C73 E8300D06 092A8648 86F70D01 010B0500 
  03820101 00507F24 D3932A66 86025D9F E838AE5C 6D4DF6B0 49631C78 240DA905 
  604EDCDE FF4FED2B 77FC460E CD636FDB DD44681E 3A5673AB 9093D3B1 6C9E3D8B 
  D98987BF E40CBD9E 1AECA0C2 2189BB5C 8FA85686 CD98B646 5575B146 8DFC66A8 
  467A3DF4 4D565700 6ADF0F0D CF835015 3C04FF7C 21E878AC 11BA9CD2 55A9232C 
  7CA7B7E6 C1AF74F6 152E99B7 B1FCF9BB E973DE7F 5BDDEB86 C71E3B49 1765308B 
  5FB0DA06 B92AFE7F 494E8A9E 07B85737 F3A58BE1 1A48A229 C37C1E69 39F08678 
  80DDCD16 D6BACECA EEBC7CF9 8428787B 35202CDC 60E4616A B623CDBD 230E3AFB 
  418616A9 4093E049 4D10AB75 27E86F73 932E35B5 8862FDAE 0275156F 719BB2F0 
  D697DF7F 28
        quit
crypto pki certificate chain TP-self-signed-4091293220
 certificate self-signed 01
  30820330 30820218 A0030201 02020101 300D0609 2A864886 F70D0101 05050030 
  31312F30 2D060355 04031326 494F532D 53656C66 2D536967 6E65642D 43657274 
  69666963 6174652D 34303931 32393332 3230301E 170D3233 30393237 31303237 
  32335A17 0D333330 39323631 30323732 335A3031 312F302D 06035504 03132649 
  4F532D53 656C662D 5369676E 65642D43 65727469 66696361 74652D34 30393132 
  39333232 30308201 22300D06 092A8648 86F70D01 01010500 0382010F 00308201 
  0A028201 010093BB DC327F96 4D3F79C3 9CF06C04 AD853D05 6AC18C46 2ED91ED7 
  E6F5EA0B 88354901 1FDAB771 3C6B0CCB 477564DC 378CA5FD 141E0350 A7A8613C 
  01D8A1EA A13A2AF1 19719DBF 71509C1E FB269FE3 CC898146 ED65247E 1B807649 
  CE1227A7 78FBCE07 D3C37A11 A410BF4F 2B158867 8E93A27E C1A5051A CC4A3EE0 
  8945FC5F 4FB65BA5 A231AC22 5397A7F6 D34F23C5 89AC5944 B29A6BBD 738B4259 
  FC9ED656 AC470735 4B2CB775 2D55881B DD3DDE43 A7BF074F 6C41A7E0 5AB78C8B 
  3EC14BBC E2969FD4 B3477348 4C505CC0 41830F02 EFBBCC14 29FDDEB7 E6C6D5D9 
  7A6955AA C6C404E2 9C5BEDF9 0B0EF48C B8910BD7 AD5545D4 4CC93F58 C0063B9A 
  F03E7605 76050203 010001A3 53305130 0F060355 1D130101 FF040530 030101FF 
  301F0603 551D2304 18301680 14614FFD 3EAE47B3 847B637B 71658BCE 4A4A0546 
  97301D06 03551D0E 04160414 614FFD3E AE47B384 7B637B71 658BCE4A 4A054697 
  300D0609 2A864886 F70D0101 05050003 82010100 252BD48E 35A0AF2A 01D706ED 
  A6D67217 29044CF7 2E1C3653 186B1C5D 8D7E6CEF 6BE49A81 6CAE1BC6 87107013 
  F6869619 D693486B A4C8F611 9FD03214 D7F1C159 764D89EC 1A82E551 8FE84BD2 
  A097D461 AD044781 830F62F0 99E3B697 281021FC E3D77208 60B2E2BF 790BCE75 
  68C112BF 96DE3CD6 2C32B6FF A10FAF84 CE3C9BB3 89817441 05F01D22 0528C92C 
  6B7618D8 C33AECA6 ADBF7E93 F3631183 7CCD03B3 F5B7B6A0 E856222E DAF320A0 
  7D5A419D 5E64243A 45709731 184EE8A5 E4AE358C 6B0EF706 995DB26C 72F33FF1 
  B910EB16 7FEA21DC B8770F8C 91F9FED6 C2C11316 EDB81F8B 5AAACB69 F2FEAA1A 
  B6091678 605A329A 5C0FE352 39E697A1 79224D00
        quit
!
crypto pki certificate pool
 cabundle nvram:ios_core.p7b
!
!
license boot level network-advantage
!
!
diagnostic bootup level minimal
!
spanning-tree mode rapid-pvst
spanning-tree extend system-id
memory free low-watermark processor 133103
!
username jswl privilege 15 secret 9 $9$v7vrQdLUlXvCWU$CKZdHEPD1bYmEmH2Me/8xkaFETqBhGa.8d1lxiE4l5w
!
redundancy
 mode sso
!
!
!
!
!
!
transceiver type all
 monitoring
!
!
class-map match-any system-cpp-police-ewlc-control
  description EWLC Control 
class-map match-any system-cpp-police-topology-control
  description Topology control
class-map match-any system-cpp-police-sw-forward
  description Sw forwarding, L2 LVX data packets, LOGGING, Transit Traffic
class-map match-any system-cpp-default
  description EWLC Data, Inter FED Traffic 
class-map match-any system-cpp-police-sys-data
  description Openflow, Exception, EGR Exception, NFL Sampled Data, RPF Failed
class-map match-any system-cpp-police-punt-webauth
  description Punt Webauth
class-map match-any system-cpp-police-l2lvx-control
  description L2 LVX control packets
class-map match-any system-cpp-police-forus
  description Forus Address resolution and Forus traffic
class-map match-any system-cpp-police-multicast-end-station
  description MCAST END STATION
class-map match-any system-cpp-police-high-rate-app
  description High Rate Applications 
class-map match-any system-cpp-police-multicast
  description MCAST Data
class-map match-any system-cpp-police-l2-control
  description L2 control
class-map match-any system-cpp-police-dot1x-auth
  description DOT1X Auth
class-map match-any system-cpp-police-data
  description ICMP redirect, ICMP_GEN and BROADCAST
class-map match-any system-cpp-police-stackwise-virt-control
  description Stackwise Virtual OOB
class-map match-any non-client-nrt-class
class-map match-any system-cpp-police-routing-control
  description Routing control and Low Latency
class-map match-any system-cpp-police-protocol-snooping
  description Protocol snooping
class-map match-any system-cpp-police-dhcp-snooping
  description DHCP snooping
class-map match-any system-cpp-police-ios-routing
  description L2 control, Topology control, Routing control, Low Latency
class-map match-any system-cpp-police-system-critical
  description System Critical and Gold Pkt
class-map match-any system-cpp-police-ios-feature
  description ICMPGEN,BROADCAST,ICMP,L2LVXCntrl,ProtoSnoop,PuntWebauth,MCASTData,Transit,DOT1XAuth,Swfwd,LOGGING,L2LVXData,ForusTraffic,ForusARP,McastEndStn,Openflow,Exception,EGRExcption,NflSampled,RpfFailed
!
policy-map system-cpp-policy
!
! 
!
!
!
!
!
!
!         
!
!
!
interface Loopback0
 description FOR OSPF&BGP-ROUTERID
 ip address 10.44.155.106 255.255.255.255
!
interface Port-channel1
 description TO P4-BGP-As01-C9300-JPIDC-PC1
 switchport trunk allowed vlan 61,62,71,72,81,82,101,102,399
 switchport mode trunk
!
interface GigabitEthernet0/0
 description TO P4-OOB-DS01-C9300-Gig1/0/12
 vrf forwarding Mgmt-vrf
 ip address 10.80.88.12 255.255.255.0
 negotiation auto
!
interface GigabitEthernet1/0/1
!
interface GigabitEthernet1/0/2
!
interface GigabitEthernet1/0/3
!
interface GigabitEthernet1/0/4
!
interface GigabitEthernet1/0/5
 switchport access vlan 500
 switchport mode access
 shutdown
!
interface GigabitEthernet1/0/6
!
interface GigabitEthernet1/0/7
!
interface GigabitEthernet1/0/8
!
interface GigabitEthernet1/0/9
!
interface GigabitEthernet1/0/10
!
interface GigabitEthernet1/0/11
 description TO P4-Sniffer02-FG1801F-JPIDC-PORT2-TrafficMonitor
!
interface GigabitEthernet1/0/12
!
interface GigabitEthernet1/0/13
!
interface GigabitEthernet1/0/14
!
interface GigabitEthernet1/0/15
!
interface GigabitEthernet1/0/16
!
interface GigabitEthernet1/0/17
!
interface GigabitEthernet1/0/18
!
interface GigabitEthernet1/0/19
!
interface GigabitEthernet1/0/20
!
interface GigabitEthernet1/0/21
!
interface GigabitEthernet1/0/22
!
interface GigabitEthernet1/0/23
 description TO P4-BGP-As01-C9300-JPIDC-Gig1/0/23
 switchport trunk allowed vlan 61,62,71,72,81,82,101,102,399
 switchport mode trunk
 channel-group 1 mode active
!
interface GigabitEthernet1/0/24
 description TO P4-BGP-As01-C9300-JPIDC-Gig1/0/24
 switchport trunk allowed vlan 61,62,71,72,81,82,101,102,399
 switchport mode trunk
 channel-group 1 mode active
!
interface GigabitEthernet1/1/1
!         
interface GigabitEthernet1/1/2
!
interface GigabitEthernet1/1/3
!
interface GigabitEthernet1/1/4
!
interface TenGigabitEthernet1/1/1
 description TO P4-FW02-FRP4112-JPIDC-Eth1/1-BGPLINE-P4-IP1
 switchport access vlan 61
 switchport mode access
!
interface TenGigabitEthernet1/1/2
 description TO P4-FW02-FRP4112-JPIDC-Eth1/2-BGPLINE-P4-IP2
 switchport access vlan 62
 switchport mode access
!
interface TenGigabitEthernet1/1/3
!
interface TenGigabitEthernet1/1/4
!
interface TenGigabitEthernet1/1/5
 description TO P4-FW01-FRP4112-JPIDC-Eth1/7-ZR-IPLC-JP-SH002
 switchport access vlan 500
!
interface TenGigabitEthernet1/1/6
 description TO P4-FW02-FRP4112-JPIDC-Eth1/7-ZR-IPLC-JP-SH002
 switchport access vlan 500
!
interface TenGigabitEthernet1/1/7
 description TO ISP2-INTERNET-BBXI&SOFTBANK-BGPLINE-500M-BURST10G
 no switchport
 no ip address
 no cdp enable
!
interface TenGigabitEthernet1/1/7.100
 description FOR ISP2-INTERNET-BBIX-RESEREVED
 encapsulation dot1Q 100
 ip address 101.203.90.99 255.255.252.0
 ipv6 address 2001:DE8:C::13:7386:2/64
 ipv6 nd reachable-time 1000
!
interface TenGigabitEthernet1/1/7.101
 description FOR ISP2-INTERNET-SOFTBANK
 encapsulation dot1Q 2413
 ip address 101.203.107.138 255.255.255.252
!
interface TenGigabitEthernet1/1/7.102
 description FOR ISP2-INTERNET-SOFTBANK
 encapsulation dot1Q 2513
 ip address 101.203.107.142 255.255.255.252
!
interface TenGigabitEthernet1/1/8
 description TO ZR-IPLC-JP-SH002-DIRECT-LINK-100M
 switchport access vlan 500
!
interface FortyGigabitEthernet1/1/1
!
interface FortyGigabitEthernet1/1/2
!
interface TwentyFiveGigE1/1/1
!
interface TwentyFiveGigE1/1/2
!
interface AppGigabitEthernet1/0/1
!
interface Vlan1
 no ip address
!
interface Vlan61
 description FOR BGPLINE-P4-IP1-ASASERVICE
 ip address 103.218.5.254 255.255.255.0
 standby 61 ip 103.218.5.1
 standby 61 priority 110
 standby 61 preempt
!
interface Vlan62
 description FOR BGPLINE-P4-IP2-ASASERVICE
 ip address 123.253.217.254 255.255.255.0
 standby 62 ip 123.253.217.1
 standby 62 priority 110
 standby 62 preempt
!
interface Vlan101
 description FOR BGPLINE-P4-IP3-OOB
 ip address 103.94.148.254 255.255.255.0
 standby 101 ip 103.94.148.1
 standby 101 priority 110
 standby 101 preempt
!
interface Vlan399
 description FOR OSPF-LINK
 ip address 10.44.228.34 255.255.255.252
 ip ospf network point-to-point
!
router ospf 100
 router-id 10.44.155.106
 network 10.44.155.106 0.0.0.0 area 0
 network 10.44.228.34 0.0.0.0 area 0
!
router bgp 137386
 bgp router-id 10.44.155.106
 no bgp enforce-first-as
 bgp log-neighbor-changes
 neighbor IBGP137386 peer-group
 neighbor IBGP137386 remote-as 137386
 neighbor IBGP137386 update-source Loopback0
 neighbor 10.44.155.105 peer-group IBGP137386
 neighbor 101.203.90.53 remote-as 23640
 neighbor 101.203.90.53 description BBIX_RS1
 neighbor 101.203.90.53 update-source TenGigabitEthernet1/1/7.100
 neighbor 101.203.90.54 remote-as 23640
 neighbor 101.203.90.54 description BBIX_RS2
 neighbor 101.203.90.54 update-source TenGigabitEthernet1/1/7.100
 neighbor 101.203.107.137 remote-as 17676
 neighbor 101.203.107.137 description SB-1
 neighbor 101.203.107.137 password BBIXzTEYCBSx88
 neighbor 101.203.107.137 update-source TenGigabitEthernet1/1/7.101
 neighbor 101.203.107.141 remote-as 17676
 neighbor 101.203.107.141 description SB-2
 neighbor 101.203.107.141 password BBIXzTEYCBSx88
 neighbor 101.203.107.141 update-source TenGigabitEthernet1/1/7.102
 !
 address-family ipv4
  bgp additional-paths install
  network 103.94.148.0 mask 255.255.255.0
  network 103.218.5.0 mask 255.255.255.0
  network 123.253.217.0 mask 255.255.255.0
  neighbor IBGP137386 send-community
  neighbor IBGP137386 next-hop-self
  neighbor 10.44.155.105 activate
  no neighbor 101.203.90.53 activate
  no neighbor 101.203.90.54 activate
  neighbor 101.203.107.137 activate
  neighbor 101.203.107.137 send-community
  neighbor 101.203.107.137 remove-private-as all
  neighbor 101.203.107.137 maximum-prefix 1000 100
  neighbor 101.203.107.141 activate
  neighbor 101.203.107.141 send-community
  neighbor 101.203.107.141 remove-private-as all
  neighbor 101.203.107.141 maximum-prefix 1000 100
 exit-address-family
!
ip forward-protocol nd
no ip http server
no ip http secure-server
ip route 103.94.148.0 255.255.255.0 Null0
ip route 103.218.5.0 255.255.255.0 Null0
ip route 123.253.217.0 255.255.255.0 Null0
ip route vrf Mgmt-vrf 0.0.0.0 0.0.0.0 10.80.88.254
ip ssh version 2
!
ip bgp-community new-format
!
ip access-list extended vty-access-IP
 10 permit tcp host 10.80.88.32 any eq 22 log
 20 permit tcp host 10.80.88.34 any eq 22 log
!
ip sla 5
 icmp-echo 223.5.5.5 source-ip 103.218.5.254
  frequency 30
ip sla schedule 5 life forever start-time now
ip sla 8
 icmp-echo 8.8.8.8 source-ip 103.218.5.254
  frequency 30
ip sla schedule 8 life forever start-time now
ip sla 55
 icmp-echo 223.5.5.5 source-ip 123.253.217.254
  frequency 30
ip sla schedule 55 life forever start-time now
ip sla 88
 icmp-echo 8.8.8.8 source-ip 123.253.217.254
  frequency 30
ip sla schedule 88 life forever start-time now
ip sla 555
 icmp-echo 223.5.5.5 source-ip 103.94.148.254
  frequency 30
ip sla schedule 555 life forever start-time now
ip sla 888
 icmp-echo 8.8.8.8 source-ip 103.94.148.254
  frequency 30
ip sla schedule 888 life forever start-time now
!
!
snmp-server community IDC@SNMP RO
!
control-plane
 service-policy input system-cpp-policy
!
!
line con 0
 stopbits 1
line vty 0 4
 access-class vty-access-IP in vrf-also
 exec-timeout 5 0
 login local
 transport input ssh
line vty 5 31
 access-class vty-access-IP in vrf-also
 exec-timeout 5 0
 login local
 transport input ssh
!
!
monitor session 1 source interface Te1/1/1 - 8
monitor session 1 destination interface Gi1/0/11
call-home
 ! If contact email address in call-home is configured as sch-smart-licensing@cisco.com
 ! the email address configured in Cisco Smart License Portal will be used as contact email address to send SCH notifications.
 contact-email-addr sch-smart-licensing@cisco.com
 profile "CiscoTAC-1"
  active
  destination transport-method http
ntp server vrf Mgmt-vrf 10.80.88.33
!
!
!
!
!
end

P4-BGP-As02-C9300-JPIDC#     