! Last configuration change at 20:19:44 UTC Sun Mar 9 2025 by jswl
! NVRAM config last updated at 20:19:45 UTC Sun Mar 9 2025 by jswl
!
version 17.3
service timestamps debug datetime localtime
service timestamps log datetime localtime
service call-home
platform punt-keepalive disable-kernel-core
!
hostname P4-BGP-As01-C9300-JPIDC
!
!
vrf definition Mgmt-vrf
 !
 address-family ipv4
 exit-address-family
 !
 address-family ipv6
 exit-address-family
!
enable secret 9 $9$FzT6AAr7k145bU$y3ms6g/ae5ewjedaUHej7ufz0uAO.N1s8xifBNRMyb6
!
no aaa new-model
clock timezone UTC 8 0
switch 1 provision c9300-24t
!
!
!
!
ip routing
!
ip name-server 8.8.8.8
ip domain name cisco.com
!
!
!
login on-success log
!         
!
!
!
!
!
!
no device-tracking logging theft
!
crypto pki trustpoint SLA-TrustPoint
 enrollment pkcs12
 revocation-check crl
!
crypto pki trustpoint TP-self-signed-1537934352
 enrollment selfsigned
 subject-name cn=IOS-Self-Signed-Certificate-1537934352
 revocation-check none
 rsakeypair TP-self-signed-1537934352
!
!
crypto pki certificate chain SLA-TrustPoint
 certificate ca 01
  30820321 30820209 A0030201 02020101 300D0609 2A864886 F70D0101 0B050030 
  32310E30 0C060355 040A1305 43697363 6F312030 1E060355 04031317 43697363 
  6F204C69 63656E73 696E6720 526F6F74 20434130 1E170D31 33303533 30313934 
  3834375A 170D3338 30353330 31393438 34375A30 32310E30 0C060355 040A1305 
  43697363 6F312030 1E060355 04031317 43697363 6F204C69 63656E73 696E6720 
  526F6F74 20434130 82012230 0D06092A 864886F7 0D010101 05000382 010F0030 
  82010A02 82010100 A6BCBD96 131E05F7 145EA72C 2CD686E6 17222EA1 F1EFF64D 
  CBB4C798 212AA147 C655D8D7 9471380D 8711441E 1AAF071A 9CAE6388 8A38E520 
  1C394D78 462EF239 C659F715 B98C0A59 5BBB5CBD 0CFEBEA3 700A8BF7 D8F256EE 
  4AA4E80D DB6FD1C9 60B1FD18 FFC69C96 6FA68957 A2617DE7 104FDC5F EA2956AC 
  7390A3EB 2B5436AD C847A2C5 DAB553EB 69A9A535 58E9F3E3 C0BD23CF 58BD7188 
  68E69491 20F320E7 948E71D7 AE3BCC84 F10684C7 4BC8E00F 539BA42B 42C68BB7 
  C7479096 B4CB2D62 EA2F505D C7B062A4 6811D95B E8250FC4 5D5D5FB8 8F27D191 
  C55F0D76 61F9A4CD 3D992327 A8BB03BD 4E6D7069 7CBADF8B DF5F4368 95135E44 
  DFC7C6CF 04DD7FD1 02030100 01A34230 40300E06 03551D0F 0101FF04 04030201 
  06300F06 03551D13 0101FF04 05300301 01FF301D 0603551D 0E041604 1449DC85 
  4B3D31E5 1B3E6A17 606AF333 3D3B4C73 E8300D06 092A8648 86F70D01 010B0500 
  03820101 00507F24 D3932A66 86025D9F E838AE5C 6D4DF6B0 49631C78 240DA905 
  604EDCDE FF4FED2B 77FC460E CD636FDB DD44681E 3A5673AB 9093D3B1 6C9E3D8B 
  D98987BF E40CBD9E 1AECA0C2 2189BB5C 8FA85686 CD98B646 5575B146 8DFC66A8 
  467A3DF4 4D565700 6ADF0F0D CF835015 3C04FF7C 21E878AC 11BA9CD2 55A9232C 
  7CA7B7E6 C1AF74F6 152E99B7 B1FCF9BB E973DE7F 5BDDEB86 C71E3B49 1765308B 
  5FB0DA06 B92AFE7F 494E8A9E 07B85737 F3A58BE1 1A48A229 C37C1E69 39F08678 
  80DDCD16 D6BACECA EEBC7CF9 8428787B 35202CDC 60E4616A B623CDBD 230E3AFB 
  418616A9 4093E049 4D10AB75 27E86F73 932E35B5 8862FDAE 0275156F 719BB2F0 
  D697DF7F 28
        quit
crypto pki certificate chain TP-self-signed-1537934352
 certificate self-signed 01
  30820330 30820218 A0030201 02020101 300D0609 2A864886 F70D0101 05050030 
  31312F30 2D060355 04031326 494F532D 53656C66 2D536967 6E65642D 43657274 
  69666963 6174652D 31353337 39333433 3532301E 170D3233 30393237 31303139 
  32345A17 0D333330 39323631 30313932 345A3031 312F302D 06035504 03132649 
  4F532D53 656C662D 5369676E 65642D43 65727469 66696361 74652D31 35333739 
  33343335 32308201 22300D06 092A8648 86F70D01 01010500 0382010F 00308201 
  0A028201 01009846 93581746 0B87970E 03D82672 EC134A6C B95011DB E5544163 
  4EC050A7 B6A6675E E71A98F4 0ADCD63D 6011BA25 6C1BC51D A4CEF9C7 E793F723 
  5FCF9385 3A02ADF5 3CB0E4DE 181882A7 2336AFF4 386BC0E9 F430728B EE1D51F8 
  54C359EB 54C0D47D 1B40A647 FFB30557 8C4FA072 DD9E7815 943C8248 52A23523 
  C062D271 E6F7EE62 3C2553AE F2D037B9 BC17ECD3 2F567676 67C2E4E8 F7616AA5 
  87D0CAF7 0BFDE80D C2D16EBF A0F2A8C1 47FCB9AF 41778D47 7F2FEC90 3AF5FFA6 
  B43D4097 110FAEFE 7B905175 4C8E6A5C A16E6D73 AC38B393 C7F2533B 6DCC7C59 
  4DEC2613 FEE42514 E2118DAE 414E5A52 61AC2EEB 4E5338CE 6C4C3759 251DEBDA 
  17592942 46630203 010001A3 53305130 0F060355 1D130101 FF040530 030101FF 
  301F0603 551D2304 18301680 1413DB1C 5A1259B8 A13B3C6E CD6F5D43 031847BB 
  AB301D06 03551D0E 04160414 13DB1C5A 1259B8A1 3B3C6ECD 6F5D4303 1847BBAB 
  300D0609 2A864886 F70D0101 05050003 82010100 7EEA1E8B 1B6D7A50 29C60234 
  85EAB86C C899BCCC 999CE2EE 41E4FADB 18C1B5BA 95B3E9D2 4360A44A B7D64C56 
  AADAED34 9EC99B94 94125241 566BD40D F580EC2D A7348924 80B27D6D 32152531 
  38A150E8 D8603790 815FE845 BB711561 915B894E 2AA5195B 9407A970 2B7B47AF 
  881DB4DF 2E4571BC 8C08CFD5 471C91DE 32E34E94 479A4CFF DCD25BF1 48399EEF 
  D2F35540 7130D2B2 FA96C6F9 1A4ADA4D 6FA22EA8 429713DF 7C339002 1F12310B 
  5FD6A45B E692A88D 525BC937 B02E9D1F 267CAE12 22367B38 449336A8 AFB99A64 
  88EA1BC4 2258F2FD 4251C4D2 D4D20798 1BCA60C2 1200CCC7 8C9F848F 5EA0E614 
  5CA1B2EA E3553023 A4193A79 F0F3B3FA 8F62A478
        quit
!
!
license boot level network-advantage
!
!
diagnostic bootup level minimal
!
spanning-tree mode rapid-pvst
spanning-tree extend system-id
memory free low-watermark processor 133103
!
username jswl privilege 15 secret 9 $9$N/SAcpbGCeBebk$cb8xTaYdLdt3mo2lOFaaYRWaiwITGr0Jt2v.hhlIdnQ
!
redundancy
 mode sso
!
!
!
!
!
!
transceiver type all
 monitoring
!
!
class-map match-any system-cpp-police-ewlc-control
  description EWLC Control 
class-map match-any system-cpp-police-topology-control
  description Topology control
class-map match-any system-cpp-police-sw-forward
  description Sw forwarding, L2 LVX data packets, LOGGING, Transit Traffic
class-map match-any system-cpp-default
  description EWLC Data, Inter FED Traffic 
class-map match-any system-cpp-police-sys-data
  description Openflow, Exception, EGR Exception, NFL Sampled Data, RPF Failed
class-map match-any system-cpp-police-punt-webauth
  description Punt Webauth
class-map match-any system-cpp-police-l2lvx-control
  description L2 LVX control packets
class-map match-any system-cpp-police-forus
  description Forus Address resolution and Forus traffic
class-map match-any system-cpp-police-multicast-end-station
  description MCAST END STATION
class-map match-any system-cpp-police-high-rate-app
  description High Rate Applications 
class-map match-any system-cpp-police-multicast
  description MCAST Data
class-map match-any system-cpp-police-l2-control
  description L2 control
class-map match-any system-cpp-police-dot1x-auth
  description DOT1X Auth
class-map match-any system-cpp-police-data
  description ICMP redirect, ICMP_GEN and BROADCAST
class-map match-any system-cpp-police-stackwise-virt-control
  description Stackwise Virtual OOB
class-map match-any non-client-nrt-class
class-map match-any system-cpp-police-routing-control
  description Routing control and Low Latency
class-map match-any system-cpp-police-protocol-snooping
  description Protocol snooping
class-map match-any system-cpp-police-dhcp-snooping
  description DHCP snooping
class-map match-any system-cpp-police-ios-routing
  description L2 control, Topology control, Routing control, Low Latency
class-map match-any system-cpp-police-system-critical
  description System Critical and Gold Pkt
class-map match-any system-cpp-police-ios-feature
  description ICMPGEN,BROADCAST,ICMP,L2LVXCntrl,ProtoSnoop,PuntWebauth,MCASTData,Transit,DOT1XAuth,Swfwd,LOGGING,L2LVXData,ForusTraffic,ForusARP,McastEndStn,Openflow,Exception,EGRExcption,NflSampled,RpfFailed
!
policy-map system-cpp-policy
!
! 
!
!
!
!
!
!
!
!
!
!         
interface Loopback0
 description FOR OSPF&BGP-ROUTERID
 ip address 10.44.155.105 255.255.255.255
!
interface Port-channel1
 description TO P4-BGP-As02-C9300-JPIDC-PC1
 switchport trunk allowed vlan 61,62,71,72,81,82,101,102,399
 switchport mode trunk
!
interface GigabitEthernet0/0
 description TO P4-OOB-DS01-C9300-JPIDC-Gig1/0/11
 vrf forwarding Mgmt-vrf
 ip address 10.80.88.11 255.255.255.0
 negotiation auto
!
interface GigabitEthernet1/0/1
 description TO P4-OOB-ISR4331-JPIDC-Gig0/0/0-BGPLINE-P4-IP3
 switchport access vlan 101
 switchport mode access
!
interface GigabitEthernet1/0/2
!
interface GigabitEthernet1/0/3
!
interface GigabitEthernet1/0/4
!
interface GigabitEthernet1/0/5
 switchport access vlan 101
 switchport mode access
!
interface GigabitEthernet1/0/6
!
interface GigabitEthernet1/0/7
!
interface GigabitEthernet1/0/8
!
interface GigabitEthernet1/0/9
!
interface GigabitEthernet1/0/10
!         
interface GigabitEthernet1/0/11
 description TO P4-Sniffer02-FG1801F-JPIDC-PORT1-TrafficMonitor
 no switchport
 no ip address
!
interface GigabitEthernet1/0/12
!
interface GigabitEthernet1/0/13
!
interface GigabitEthernet1/0/14
!
interface GigabitEthernet1/0/15
!
interface GigabitEthernet1/0/16
!
interface GigabitEthernet1/0/17
!
interface GigabitEthernet1/0/18
!
interface GigabitEthernet1/0/19
!
interface GigabitEthernet1/0/20
!
interface GigabitEthernet1/0/21
!
interface GigabitEthernet1/0/22
!
interface GigabitEthernet1/0/23
 description TO P4-BGP-As02-C9300-JPIDC-Gig1/0/23
 switchport trunk allowed vlan 61,62,71,72,81,82,101,102,399
 switchport mode trunk
 channel-group 1 mode active
!
interface GigabitEthernet1/0/24
 description TO P4-BGP-As02-C9300-JPIDC-Gig1/0/24
 switchport trunk allowed vlan 61,62,71,72,81,82,101,102,399
 switchport mode trunk
 channel-group 1 mode active
!
interface GigabitEthernet1/1/1
!
interface GigabitEthernet1/1/2
!
interface GigabitEthernet1/1/3
!
interface GigabitEthernet1/1/4
!
interface TenGigabitEthernet1/1/1
 description TO P4-FW01-FRP4112-JPIDC-Eth1/1-BGPLINE-P4-IP1
 switchport access vlan 61
 switchport mode access
!
interface TenGigabitEthernet1/1/2
 description TO P4-FW01-FRP4112-JPIDC-Eth1/2-BGPLINE-P4-IP2
 switchport access vlan 62
 switchport mode access
!
interface TenGigabitEthernet1/1/3
!
interface TenGigabitEthernet1/1/4
!
interface TenGigabitEthernet1/1/5
!
interface TenGigabitEthernet1/1/6
!
interface TenGigabitEthernet1/1/7
 description TO ISP1-INTERNET-TELSTRA-BGPLINE-500M-BURST10G
 no switchport
 ip address 210.57.122.21 255.255.255.254
 no cdp enable
!
interface TenGigabitEthernet1/1/8
!
interface FortyGigabitEthernet1/1/1
!
interface FortyGigabitEthernet1/1/2
!
interface TwentyFiveGigE1/1/1
!
interface TwentyFiveGigE1/1/2
!
interface AppGigabitEthernet1/0/1
!
interface Vlan1
 no ip address
!
interface Vlan61
 description FOR BGPLINE-P4-IP1-ASASERVICE
 ip address 103.218.5.253 255.255.255.0
 standby 61 ip 103.218.5.1
 standby 61 preempt
!
interface Vlan62
 description FOR BGPLINE-P4-IP2-ASASERVICE
 ip address 123.253.217.253 255.255.255.0
 standby 62 ip 123.253.217.1
 standby 62 preempt
!
interface Vlan101
 description FOR BGPLINE-P4-IP3-OOB
 ip address 103.94.148.253 255.255.255.0
 standby 101 ip 103.94.148.1
 standby 101 priority 120
 standby 101 preempt
!
interface Vlan399
 description FOR OSPF-LINK
 ip address 10.44.228.33 255.255.255.252
 ip ospf network point-to-point
!
router ospf 100
 router-id 10.44.155.105
 network 10.44.155.105 0.0.0.0 area 0
 network 10.44.228.33 0.0.0.0 area 0
!
router bgp 137386
 bgp router-id 10.44.155.105
 bgp log-neighbor-changes
 neighbor IBGP137386 peer-group
 neighbor IBGP137386 remote-as 137386
 neighbor IBGP137386 update-source Loopback0
 neighbor 10.44.155.106 peer-group IBGP137386
 neighbor 210.57.122.20 remote-as 4637
 neighbor 210.57.122.20 description Telstra
 neighbor 210.57.122.20 password #@Ee@5554ds!h
 neighbor 210.57.122.20 update-source TenGigabitEthernet1/1/7
 neighbor 210.57.122.20 fall-over bfd
 !
 address-family ipv4
  bgp additional-paths install
  network 103.94.148.0 mask 255.255.255.0
  network 103.218.5.0 mask 255.255.255.0
  network 123.253.217.0 mask 255.255.255.0
  neighbor IBGP137386 send-community
  neighbor IBGP137386 next-hop-self
  neighbor 10.44.155.106 activate
  neighbor 210.57.122.20 activate
  neighbor 210.57.122.20 send-community
  neighbor 210.57.122.20 weight 10
  neighbor 210.57.122.20 remove-private-as all
  neighbor 210.57.122.20 route-map 1 out
  neighbor 210.57.122.20 maximum-prefix 50 10
  neighbor 210.57.122.20 filter-list 1 out
 exit-address-family
!
ip forward-protocol nd
no ip http server
no ip http secure-server
ip route 103.94.148.0 255.255.255.0 Null0
ip route 103.218.5.0 255.255.255.0 Null0
ip route 123.253.217.0 255.255.255.0 Null0
ip route vrf Mgmt-vrf 0.0.0.0 0.0.0.0 10.80.88.254
ip ssh version 2
!
ip bgp-community new-format
ip as-path access-list 1 permit ^$
ip as-path access-list 1 permit ^(_137386)+$
!
ip access-list extended vty-access-IP
 10 permit tcp host 10.80.88.32 any eq 22 log
 20 permit tcp host 10.80.88.34 any eq 22 log
!
ip sla 5
 icmp-echo 223.5.5.5 source-ip 103.218.5.253
  frequency 30
ip sla schedule 5 life forever start-time now
ip sla 8
 icmp-echo 8.8.8.8 source-ip 103.218.5.253
  frequency 30
ip sla schedule 8 life forever start-time now
ip sla 55
 icmp-echo 223.5.5.5 source-ip 123.253.217.253
  frequency 30
ip sla schedule 55 life forever start-time now
ip sla 88
 icmp-echo 8.8.8.8 source-ip 123.253.217.253
  frequency 30
ip sla schedule 88 life forever start-time now
ip sla 555
 icmp-echo 223.5.5.5 source-ip 103.94.148.253
  frequency 30
ip sla schedule 555 life forever start-time now
ip sla 888
 icmp-echo 8.8.8.8 source-ip 103.94.148.253
  frequency 30
ip sla schedule 888 life forever start-time now
ip access-list standard 1
 20 permit 123.253.217.0
 10 permit 103.218.5.0
!
route-map 1 permit 10 
 match ip address 1
 set origin incomplete
 set as-path prepend 137386 137386
!
route-map 1 permit 100 
!
!
snmp-server community IDC@SNMP RO
!         
control-plane
 service-policy input system-cpp-policy
!
!
line con 0
 stopbits 1
line vty 0 4
 access-class vty-access-IP in vrf-also
 exec-timeout 5 0
 login local
 transport input ssh
line vty 5 31
 access-class vty-access-IP in vrf-also
 exec-timeout 5 0
 login local
 transport input ssh
!
!
monitor session 1 source interface Te1/1/1 - 8
monitor session 1 destination interface Gi1/0/11
call-home
 ! If contact email address in call-home is configured as sch-smart-licensing@cisco.com
 ! the email address configured in Cisco Smart License Portal will be used as contact email address to send SCH notifications.
 contact-email-addr sch-smart-licensing@cisco.com
 profile "CiscoTAC-1"
  active
  destination transport-method http
ntp server vrf Mgmt-vrf 10.80.88.33
!
!
!
!
!
end
   